============================================================ test session starts ============================================================
platform linux -- Python 3.8.0, pytest-6.2.5, py-1.10.0, pluggy-1.0.0
rootdir: /var/lib/private/gmboyer/WORM-Library-dev/worm-library
plugins: nbval-0.9.6, cov-3.0.0
collected 1 item

1-Introduction/1-Introduction.ipynb .                                                                                                 [100%]

============================================================= 1 passed in 1.17s =============================================================
============================================================ test session starts ============================================================
platform linux -- Python 3.8.0, pytest-6.2.5, py-1.10.0, pluggy-1.0.0
rootdir: /var/lib/private/gmboyer/WORM-Library-dev/worm-library
plugins: nbval-0.9.6, cov-3.0.0
collected 16 items

1-Introduction/2-Notebook-Intro.ipynb ..............F.                                                                                [100%]

================================================================= FAILURES ==================================================================
______________________________________________ 1-Introduction/2-Notebook-Intro.ipynb::Cell 14 _______________________________________________
[91mNotebook cell execution failed[0m
[94mCell 14: Cell outputs differ

Input:
[0mbasis(["H2O", "H2S", "e-", "H+"])
species(["H2S", "HS-", "HSO4-", "SO4-2"])
a = affinity(pH=[0, 12], Eh=[-1, 0.5], T=250, P=2000)
_ = diagram(a, messages=False, width=500, height=400, interactive=True)

[94mTraceback:[0m
[94m mismatch 'application/vnd.plotly.v1+json'[91m

 assert reference_output == test_output failed:

  {'config': {'...': 'linear'}}} == {'config': {'...Eh, volts'}}}}
  Omitting 1 identical items, use -vv to show
  Differing items:
  {'config': {'displaylogo': False, 'modeBarButtonsToRemove': ['zoom2d', 'pan2d', 'zoomIn2d', 'zoomOut2d', 'autoScale2d'...Scale2d', 'toggleSpikelines', 'hoverClosestCartesian', 'hoverCompareCartesian'], 'plotlyServerURL': 'https://plot.ly'}} != {'config': {'displaylogo': False, 'modeBarButtonsToRemove': ['zoom2d', 'pan2d', 'zoomIn2d', 'zoomOut2d', 'autoScale2d'...ttps://plot.ly', 'toImageButtonOptions': {'filename': None, 'format': 'png', 'height': 400, 'scale': 1, 'width': 500}}}
  {'layout': {'annotations': [{'bgcolor': 'rgba(255, 255, 255, 0.5)', 'showarrow': False, 'text': 'H<sub>2</sub>S', 'x':...omain': [0, 1], 'range': [-1.0029411764705882, 0.5029411764705882], 'title': {'text': 'Eh, volts'}, 'type': 'linear'}}} != {'layout': {'annotations': [{'bgcolor': 'rgba(255, 255, 255, 0.5)', 'showarrow': False, 'text': 'H<sub>2</sub>S', 'x':...': {'text': 'pH'}}, 'yaxis': {'anchor': 'x', 'autorange': True, 'domain': [0.0, 1.0], 'title': {'text': 'Eh, volts'}}}}
  Use -v to get the full diff
[0m

========================================================== short test summary info ==========================================================
FAILED 1-Introduction/2-Notebook-Intro.ipynb::Cell 14
======================================================= 1 failed, 15 passed in 5.49s ========================================================
============================================================ test session starts ============================================================
platform linux -- Python 3.8.0, pytest-6.2.5, py-1.10.0, pluggy-1.0.0
rootdir: /var/lib/private/gmboyer/WORM-Library-dev/worm-library
plugins: nbval-0.9.6, cov-3.0.0
collected 2 items

1-Introduction/Exploration-In-Geochemistry-(video).ipynb F.                                                                           [100%]

================================================================= FAILURES ==================================================================
_____________________________________ 1-Introduction/Exploration-In-Geochemistry-(video).ipynb::Cell 0 ______________________________________
[91mNotebook cell execution failed[0m
[94mCell 0: Cell outputs differ

Input:
[0mfrom IPython.lib.display import YouTubeVideo
YouTubeVideo('yDGFVTybljQ', width=560, height=315)

[94mTraceback:[0m
[94m mismatch 'text/plain'[91m

 assert reference_output == test_output failed:

  '<IPython.lib...7f828efa5198>' == '<IPython.lib...7f96531ebaf0>'
  - <IPython.lib.display.YouTubeVideo at 0x7f96531ebaf0>
  ?                                           ^^^^^^^^^
  + <IPython.lib.display.YouTubeVideo at 0x7f828efa5198>
  ?                                          ++++++++ ^
[0m

========================================================== short test summary info ==========================================================
FAILED 1-Introduction/Exploration-In-Geochemistry-(video).ipynb::Cell 0
======================================================== 1 failed, 1 passed in 1.35s ========================================================
============================================================ test session starts ============================================================
platform linux -- Python 3.8.0, pytest-6.2.5, py-1.10.0, pluggy-1.0.0
rootdir: /var/lib/private/gmboyer/WORM-Library-dev/worm-library
plugins: nbval-0.9.6, cov-3.0.0
collected 18 items

2-Reaction-Properties/1-Reaction-Properties.ipynb ..................                                                                  [100%]

============================================================ 18 passed in 3.05s =============================================================
============================================================ test session starts ============================================================
platform linux -- Python 3.8.0, pytest-6.2.5, py-1.10.0, pluggy-1.0.0
rootdir: /var/lib/private/gmboyer/WORM-Library-dev/worm-library
plugins: nbval-0.9.6, cov-3.0.0
collected 13 items

2-Reaction-Properties/2-Activity-Diagrams.ipynb ...FFFF.FF.F.                                                                         [100%]

================================================================= FAILURES ==================================================================
__________________________________________ 2-Reaction-Properties/2-Activity-Diagrams.ipynb::Cell 3 __________________________________________
[91mNotebook cell execution failed[0m
[94mCell 3: Cell outputs differ

Input:
[0ma = affinity(pH=[2,14], T=25)
e = equilibrate(a)
_ = diagram(e, width=500, height=400, interactive=True)

[94mTraceback:[0m
[94m mismatch 'text/html'[91m

 assert reference_output == test_output failed:

  '<div>       ...       </div>' == '<div>       ...       </div>'
  Skipping 739 identical trailing characters in diff, use -v to show
  - <div>                            <div id="2c840248-9084-49fe-90a0-a4950e007382" class="plotly-graph-div" style="height:400px; width:500px;"></div>            <script type="text/javascript">                require(["plotly"], function(Plotly) {                    window.PLOTLYENV=window.PLOTLYENV || {};                                    if (document.getElementById("2c840248-9084-49fe-90a0-a4950e007382")) {                    Plotly.newPlot(                        "2c840248-9084-49fe-90a0-a4950e007382",                        [{"hovertemplate":"variable=CO<sub>2</sub><br>pH=%{x}<br>log a=%{y}<extra></extra>","legendgroup":"CO<sub>2</sub>","line":{"color":"#1F77B4","dash":"solid"},"marker":{"symbol":"circle"},"mode":"lines","name":"CO<sub>2</sub>","orientation":"v","showlegend":true,"type":"scatter","x":[2.0,2.0470588235294116,2.0941176470588236,2.1411764705882352,2.1882352941176473,2.235294117647059,2.2823529411764705,2.3294117647058825,2.376470588235294,2.4235294117647057,2.4705882352941178,2.5176470588235293,2.564705882352941,2.611764705882353,2.6588235294117646,2.7058823529411766,2.7529411764705882,2.8,2.847058823529412,2.8941176470588235,2.9411764705882355,2.988235294117647,3.0352941176470587,3.0823529411764703,3.1294117647058823,3.1764705882352944,3.223529411764706,3.2705882352941176,3.317647058823529,3.364705882352941,3.411764705882353,3.458823529411765,3.5058823529411764,3.552941176470588,3.6,3.6470588235294117,3.6941176470588237,3.7411764705882353,3.788235294117647,3.8352941176470585,3.8823529411764706,3.9294117647058826,3.976470588235294,4.023529411764706,4.070588235294117,4.117647058823529,4.164705882352941,4.211764705882353,4.258823529411765,4.305882352941176,4.352941176470589,4.4,4.447058823529412,4.4941176470588236,4.541176470588235,4.588235294117647,4.635294117647058,4.68235294117647,4.729411764705882,4.776470588235294,4.823529411764706,4.870588235294118,4.91764705882353,4.964705882352941,5.011764705882353,5.0588235294117645,5.105882352941176,5.152941176470588,5.2,5.247058823529412,5.294117647058823,5.341176470588236,5.3882352941176475,5.435294117647059,5.482352941176471,5.529411764705882,5.576470588235294,5.623529411764705,5.670588235294117,5.7176470588235295,5.764705882352941,5.811764705882353,5.858823529411765,5.905882352941177,5.952941176470588,6.0,6.047058823529412,6.094117647058823,6.141176470588235,6.188235294117647,6.235294117647059,6.2823529411764705,6.329411764705882,6.376470588235294,6.423529411764706,6.470588235294118,6.517647058823529,6.564705882352941,6.6117647058823525,6.658823529411765,6.705882352941177,6.752941176470588,6.8,6.847058823529411,6.894117647058824,6.9411764705882355,6.988235294117647,7.035294117647059,7.08235294117647,7.129411764705882,7.176470588235294,7.223529411764706,7.270588235294118,7.317647058823529,7.364705882352941,7.411764705882353,7.458823529411765,7.5058823529411764,7.552941176470588,7.6,7.647058823529411,7.694117647058824,7.741176470588235,7.788235294117647,7.8352941176470585,7.88235294117647,7.929411764705883,7.976470588235294,8.023529411764706,8.070588235294117,8.117647058823529,8.16470588235294,8.211764705882352,8.258823529411764,8.305882352941175,8.352941176470587,8.4,8.447058823529412,8.494117647058824,8.541176470588235,8.588235294117647,8.635294117647058,8.682352941176472,8.729411764705883,8.776470588235295,8.823529411764707,8.870588235294118,8.91764705882353,8.964705882352941,9.011764705882353,9.058823529411764,9.105882352941176,9.152941176470588,9.2,9.24705882352941,9.294117647058822,9.341176470588234,9.388235294117646,9.435294117647059,9.48235294117647,9.529411764705882,9.576470588235294,9.623529411764705,9.670588235294119,9.71764705882353,9.764705882352942,9.811764705882354,9.858823529411765,9.905882352941177,9.952941176470588,10.0,10.047058823529412,10.094117647058823,10.141176470588235,10.188235294117646,10.235294117647058,10.28235294117647,10.329411764705883,10.376470588235295,10.423529411764706,10.470588235294118,10.51764705882353,10.564705882352941,10.611764705882353,10.658823529411764,10.705882352941176,10.752941176470587,10.8,10.847058823529412,10.894117647058824,10.941176470588236,10.988235294117647,11.035294117647059,11.08235294117647,11.129411764705882,11.176470588235293,11.223529411764705,11.270588235294117,11.31764705882353,11.364705882352942,11.411764705882353,11.458823529411765,11.505882352941176,11.552941176470588,11.6,11.647058823529411,11.694117647058823,11.741176470588234,11.788235294117648,11.83529411764706,11.882352941176471,11.929411764705883,11.976470588235294,12.023529411764706,12.070588235294117,12.117647058823529,12.16470588235294,12.211764705882352,12.258823529411764,12.305882352941177,12.352941176470589,12.4,12.447058823529412,12.494117647058824,12.541176470588235,12.588235294117647,12.635294117647058,12.68235294117647,12.729411764705882,12.776470588235293,12.823529411764707,12.870588235294118,12.91764705882353,12.964705882352941,13.011764705882353,13.058823529411764,13.105882352941176,13.152941176470588,13.2,13.24705882352941,13.294117647058822,13.341176470588236,13.388235294117647,13.435294117647059,13.48235294117647,13.529411764705882,13.576470588235294,13.623529411764705,13.670588235294117,13.717647058823529,13.76470588235294,13.811764705882354,13.858823529411765,13.905882352941177,13.952941176470588,14.0],"xaxis":"x","y":[-2.5228983825160727,-2.522900629852149,-2.5229031343719615,-2.5229059255057096,-2.522909036050943,-2.5229125025577464,-2.5229163657579594,-2.522920671043459,-2.5229254689991096,-2.5229308159966144,-2.5229367748562184,-2.522943415584005,-2.5229508161933976,-2.5229590636204637,-2.5229682547437107,-2.5229784975202563,-2.5229899122516244,-2.5230026329938946,-2.523016809128606,-2.523032607112659,-2.5230502124275143,-2.5230698317502576,-2.523091695371635,-2.5231160598889555,-2.5231432112048777,-2.523173467866515,-2.5232071847831308,-2.52324475736488,-2.523286626129725,-2.5233332818307783,-2.523385271161996,-2.523443203106372,-2.5235077559976493,-2.5235796853740657,-2.5236598327109134,-2.523749135127675,-2.5238486361753205,-2.523959497820007,-2.524083013750976,-2.524220624152888,-2.524373932096207,-2.5245447217135175,-2.524734978344777,-2.5249469108504217,-2.5251829763078013,-2.5254459073234443,-2.525738742210892,-2.526064858300894,-2.5264280086671853,-2.526832362566195,-2.5272825499020697,-2.527783710038304,-2.5283415452827,-2.5289623793717673,-2.529653221271997,-2.5304218345962513,-2.531276812900935,-2.532227661080145,-2.533284883002565,-2.5344600754407822,-2.535766028215546,-2.537216830313308,-2.5388279815276285,-2.540616508916816,-2.54260108705453,-2.5448021606704825,-2.547242067829146,-2.5499451612719937,-2.552937924952382,-2.5562490821257087,-2.559909690630758,-2.5639532202293593,-2.5684156060890695,-2.5733352717384026,-2.578753114151209,-2.5847124430966377,-2.591258866609039,-2.5984401144866633,-2.606305792225702,-2.6149070588438152,-2.6242962237403673,-2.634526260147957,-2.645650235876178,-2.6577206658953356,-2.670788795736457,-2.68490382948411,-2.700112121006396,-2.716456351616244,-2.733974721149401,-2.7527001820261274,-2.77265974682932,-2.7938738989818717,-2.8163561331039806,-2.8401126466439086,-2.8651421976882316,-2.891436135954494,-2.918978605484007,-2.947746909192043,-2.9777120178879035,-3.0088392002374595,-3.04108874582492,-3.0744167511881386,-3.1087759384455587,-3.1441164777039803,-3.180386787490831,-3.2175342915638523,-3.255506115161783,-3.2942497086462637,-3.3337133911883305,-3.3738468114006936,-3.4146013254320637,-3.455930295933056,-3.4977893174603425,-3.5401363753489026,-3.5829319459316453,-3.6261390463222796,-3.6697232419089816,-3.713652619337778,-3.7578977321898175,-3.8024315258563632,-3.8472292473543614,-3.892268345053827,-3.9375283625424418,-3.9829908301572403,-4.028639157083129,-4.074458526360868,-4.120435794665036,-4.166559398303457,-4.212819266549078,-4.2592067431371605,-4.305714516537929,-4.352336559440201,-4.399068077747868,-4.445905469291446,-4.492846292384856,-4.53988924430706,-4.5870341497535385,-4.6342819592786215,-4.681634757731374,-4.729095782670063,-4.7766694527186235,-4.824361405797736,-4.872178547118159,-4.920129106759182,-4.968222706564806,-5.016470435967739,-5.064884936190415,-5.113480492065113,-5.162273130455299,-5.211280723939899,-5.260523098035146,-5.310022139769666,-5.359801904894704,-5.409888720403528,-5.460311278357672,-5.511100716285371,-5.5622906786506405,-5.613917353122504,-5.666019474648344,-5.7186382897135495,-5.771817472727303,-5.82560298630148,-5.880042877388547,-5.9351870019224595,-5.99108667186858,-6.047794220522832,-6.105362484562589,-6.163844204747683,-6.223291351235149,-6.283754384057314,-6.345281464177006,-6.40791763534235,-6.471704001308492,-6.536676926425218,-6.602867289664861,-6.670299822507543,-6.738992559460346,-6.8089564262927995,-6.880194985464145,-6.952704351054577,-7.0264732773354375,-7.101483416590213,-7.177709733640526,-7.255121057404719,-7.333680744258877,-7.413347424331912,-7.4940758002824746,-7.575817468499637,-7.658521734787021,-7.742136400051851,-7.826608495882372,-7.911884954710565,-7.997913204115075,-8.084641679390721,-8.172020252556003,-8.2600005793422,-8.348536368345371,-8.437583578432493,-8.527100551732596,-8.617048090201424,-8.707389483929397,-8.798090499174208,-8.889119333643713,-8.98044654592117,-9.072044965188656,-9.163889586625633,-9.255957457082946,-9.348227554890343,-9.440680666968928,-9.533299265801073,-9.626067388264733,-9.718970517867366,-9.811995471513875,-9.90513029160811,-9.998364144012113,-10.091687222164484,-10.18509065748228,-10.278566436032794,-10.372107321356399,-10.465706783243782,-10.559358932215266,-10.653058459412648,-10.746800581590733,-10.840580990884272,-10.934395809022988,-11.028241545671197,-11.122115060577114,-11.216013529229219,-11.30993441173151,-11.403875424625694,-11.497834515405193,-11.591809839483087,-11.685799739393302,-11.779802726020955,-11.873817461674038,-11.967842744823889,-12.061877496356502,-12.155920747190384,-12.249971627129343,-12.344029354830502,-12.438093228778685,-12.532162619168492,-12.62623696060449,-12.720315745538626,-12.814398518371428,-12.908484870150922,-13.002574433809347,-13.096666879883793,-13.190761912672036,-13.284859266779712,-13.37895870401934,-13.473060010625556,-13.567162994754534,-13.661267484238772,-13.75537332457127,-13.849480377095793],"yaxis":"y"},{"hovertemplate":"variable=HCO<sub>3</sub><sup>-</sup><br>pH=%{x}<br>log a=%{y}<extra></extra>","legendgroup":"HCO<sub>3</sub><sup>-</sup>","line":{"color":"#FF7F0E","dash":"solid"},"marker":{"symbol":"circle"},"mode":"lines","name":"HCO<sub>3</sub><sup>-</sup>","orientation":"v","showlegend":true,"type":"scatter","x":[2.0,2.0470588235294116,2.0941176470588236,2.1411764705882352,2.1882352941176473,2.235294117647059,2.2823529411764705,2.3294117647058825,2.376470588235294,2.4235294117647057,2.4705882352941178,2.5176470588235293,2.564705882352941,2.611764705882353,2.6588235294117646,2.7058823529411766,2.7529411764705882,2.8,2.847058823529412,2.8941176470588235,2.9411764705882355,2.988235294117647,3.0352941176470587,3.0823529411764703,3.1294117647058823,3.1764705882352944,3.223529411764706,3.2705882352941176,3.317647058823529,3.364705882352941,3.411764705882353,3.458823529411765,3.5058823529411764,3.552941176470588,3.6,3.6470588235294117,3.6941176470588237,3.7411764705882353,3.788235294117647,3.8352941176470585,3.8823529411764706,3.9294117647058826,3.976470588235294,4.023529411764706,4.070588235294117,4.117647058823529,4.164705882352941,4.211764705882353,4.258823529411765,4.305882352941176,4.352941176470589,4.4,4.447058823529412,4.4941176470588236,4.541176470588235,4.588235294117647,4.635294117647058,4.68235294117647,4.729411764705882,4.776470588235294,4.823529411764706,4.870588235294118,4.91764705882353,4.964705882352941,5.011764705882353,5.0588235294117645,5.105882352941176,5.152941176470588,5.2,5.247058823529412,5.294117647058823,5.341176470588236,5.3882352941176475,5.435294117647059,5.482352941176471,5.529411764705882,5.576470588235294,5.623529411764705,5.670588235294117,5.7176470588235295,5.764705882352941,5.811764705882353,5.858823529411765,5.905882352941177,5.952941176470588,6.0,6.047058823529412,6.094117647058823,6.141176470588235,6.188235294117647,6.235294117647059,6.2823529411764705,6.329411764705882,6.376470588235294,6.423529411764706,6.470588235294118,6.517647058823529,6.564705882352941,6.6117647058823525,6.658823529411765,6.705882352941177,6.752941176470588,6.8,6.847058823529411,6.894117647058824,6.9411764705882355,6.988235294117647,7.035294117647059,7.08235294117647,7.129411764705882,7.176470588235294,7.223529411764706,7.270588235294118,7.317647058823529,7.364705882352941,7.411764705882353,7.458823529411765,7.5058823529411764,7.552941176470588,7.6,7.647058823529411,7.694117647058824,7.741176470588235,7.788235294117647,7.8352941176470585,7.88235294117647,7.929411764705883,7.976470588235294,8.023529411764706,8.070588235294117,8.117647058823529,8.16470588235294,8.211764705882352,8.258823529411764,8.305882352941175,8.352941176470587,8.4,8.447058823529412,8.494117647058824,8.541176470588235,8.588235294117647,8.635294117647058,8.682352941176472,8.729411764705883,8.776470588235295,8.823529411764707,8.870588235294118,8.91764705882353,8.964705882352941,9.011764705882353,9.058823529411764,9.105882352941176,9.152941176470588,9.2,9.24705882352941,9.294117647058822,9.341176470588234,9.388235294117646,9.435294117647059,9.48235294117647,9.529411764705882,9.576470588235294,9.623529411764705,9.670588235294119,9.71764705882353,9.764705882352942,9.811764705882354,9.858823529411765,9.905882352941177,9.952941176470588,10.0,10.047058823529412,10.094117647058823,10.141176470588235,10.188235294117646,10.235294117647058,10.28235294117647,10.329411764705883,10.376470588235295,10.423529411764706,10.470588235294118,10.51764705882353,10.564705882352941,10.611764705882353,10.658823529411764,10.705882352941176,10.752941176470587,10.8,10.847058823529412,10.894117647058824,10.941176470588236,10.988235294117647,11.035294117647059,11.08235294117647,11.129411764705882,11.176470588235293,11.223529411764705,11.270588235294117,11.31764705882353,11.364705882352942,11.411764705882353,11.458823529411765,11.505882352941176,11.552941176470588,11.6,11.647058823529411,11.694117647058823,11.741176470588234,11.788235294117648,11.83529411764706,11.882352941176471,11.929411764705883,11.976470588235294,12.023529411764706,12.070588235294117,12.117647058823529,12.16470588235294,12.211764705882352,12.258823529411764,12.305882352941177,12.352941176470589,12.4,12.447058823529412,12.494117647058824,12.541176470588235,12.588235294117647,12.635294117647058,12.68235294117647,12.729411764705882,12.776470588235293,12.823529411764707,12.870588235294118,12.91764705882353,12.964705882352941,13.011764705882353,13.058823529411764,13.105882352941176,13.152941176470588,13.2,13.24705882352941,13.294117647058822,13.341176470588236,13.388235294117647,13.435294117647059,13.48235294117647,13.529411764705882,13.576470588235294,13.623529411764705,13.670588235294117,13.717647058823529,13.76470588235294,13.811764705882354,13.858823529411765,13.905882352941177,13.952941176470588,14.0],"xaxis":"x","y":[-6.867592523558441,-6.820535947365106,-6.773479628355507,-6.726423595959844,-6.679367882975663,-6.632312525953055,-6.585257565623857,-6.538203047379945,-6.491149021806184,-6.444095545274276,-6.397042680604469,-6.349990497802844,-6.302939074882825,-6.255888498780479,-6.208838866374315,-6.161790285621448,-6.114742876823405,-6.067696774036262,-6.020652126641561,-5.973609101096203,-5.926567882881647,-5.879528678674978,-5.832491718766944,-5.785457259754853,-5.7384255875413634,-5.691397020673588,-5.644371914060793,-5.59735066311313,-5.550333708348564,-5.503321540520204,-5.45631470632201,-5.409313814736976,-5.362319544098841,-5.315332649945846,-5.268353973753282,-5.221384452640631,-5.174425130158864,-5.12747716827414,-5.080541860675697,-5.033620647548197,-4.986715131962104,-4.939827098050003,-4.89295853115185,-4.8461116401280835,-4.799288882056052,-4.752492989542283,-4.705727000900319,-4.658994293460909,-4.612298620297788,-4.565644150667386,-4.519035514473848,-4.472477851080671,-4.425976862795656,-4.379538873355312,-4.33317089172613,-4.286880681520972,-4.240676836296244,-4.194568860946043,-4.148567259339051,-4.102683628247856,-4.056930757493208,-4.011322736061557,-3.9658750637464664,-3.920604767606242,-3.875530522214545,-3.830672772301085,-3.786053855930337,-3.7416981258437736,-3.697632065994749,-3.653884399638664,-3.6104861846143024,-3.5674708906834907,-3.5248744530137897,-3.4827352951337116,-3.441094314017106,-3.3999948194331235,-3.3594824194161133,-3.319604843764326,-3.2804116979739524,-3.241954141062654,-3.2042844824297942,-3.167455695307972,-3.1315208475067804,-3.0965324539965264,-3.0625417603082368,-3.0295979705264777,-2.997747438519352,-2.9670328455997885,-2.937492391603534,-2.9091590289508478,-2.882059770224629,-2.8562150988477693,-2.831638509440466,-2.808336199450982,-2.786306926965893,-2.765542041702744,-2.7460256877028453,-2.7277351678814696,-2.710641453047919,-2.694709811868062,-2.679900533926111,-2.666169715759918,-2.6534700794879265,-2.6417517952169365,-2.630963281474375,-2.6210519620179844,-2.6119649620865033,-2.603649732041572,-2.5960545910542274,-2.5891291877371794,-2.582824878239137,-2.5770950252107174,-2.5718952232085925,-2.5671834575677406,-2.5629202046210717,-2.5590684814822935,-2.555593853539584,-2.5524644074389693,-2.5496506967615966,-2.547125666898731,-2.544864564867318,-2.542844839037371,-2.5410460329965736,-2.539449677081961,-2.5380391804784375,-2.5367997262267648,-2.5357181710015206,-2.53478295111053,-2.5339839958267394,-2.5333126488854107,-2.5327615987567675,-2.532324818129628,-2.5319975129078838,-2.5317760809220498,-2.5316580804860482,-2.5316422088788406,-2.5317282907959053,-2.531917276791577,-2.5322112517149185,-2.532613453124196,-2.5331282996433444,-2.5337614291930457,-2.5345197469840537,-2.535411483095667,-2.536446259371878,-2.5376351652454003,-2.538990841938664,-2.54052757428395,-2.5422613891447243,-2.544210159099913,-2.546393709665749,-2.548833927870858,-2.5515548694664845,-2.5545828614458963,-2.557946595870629,-2.561677210268916,-2.5658083491047736,-2.570376200047226,-2.575419498043652,-2.580979489579446,-2.5870998490637884,-2.5938265391085538,-2.6012076066662084,-2.6092929076707074,-2.6181337540874163,-2.6277824792122564,-2.6382919197226022,-2.6497148163782853,-2.66210313933634,-2.6755073486290923,-2.6899756052193737,-2.7055529528553057,-2.7222804952920368,-2.7401945968793506,-2.759326136589581,-2.7796998459028526,-2.8013337593262433,-2.824238802629284,-2.8484185382712184,-2.8738690803322386,-2.9005791830836873,-2.9285304988090513,-2.957697992329953,-2.9880504925647333,-3.0195513558894795,-3.0521592124331036,-3.0858287648542544,-3.120511609542003,-3.1561570522999762,-3.1927128940353944,-3.230126166336503,-3.268343801635285,-3.3073132275103827,-3.346982879256617,-3.3873026288924875,-3.4282241321492757,-3.469701097623032,-3.511689484180744,-3.554147633951433,-3.5970363488908497,-3.6403189190894114,-3.683961110804809,-3.727931121744904,-3.7721995104929493,-3.816739106231023,-3.861524904138588,-3.9065339510664905,-3.9517452253444745,-3.9971395138936483,-4.0426992891963796,-4.08840858813063,-4.134252894203851,-4.180219024320946,-4.22629502088577,-4.272470049760363,-4.318734304383323,-4.365078916171708,-4.411495871192809,-4.457977932987003,-4.504518571344972,-4.551111896787044,-4.597752600455014,-4.644435899103689,-4.691157484867815,-4.73791347947712,-4.784700392595916,-4.831515083972423,-4.878354729095117,-4.925216788067995,-4.972098977432767,-5.018999244682854,-5.065915745231337,-5.1128468216121385,-5.159790984710382,-5.206746896834053,-5.25371335645449,-5.300689284457692,-5.347673711762162,-5.394665768171711,-5.441664672343458,-5.48866972276223,-5.535680289622622,-5.582695807529211,-5.629715768933934,-5.676739718237325,-5.723767246487407,-5.770797986616419,-5.8178316091614555,-5.8648678184202865,-5.91190634899855,-5.958946962708766,-6.00598944578557,-6.053033606385135,-6.100079272339961,-6.147126289143049,-6.19417451813816],"yaxis":"y"},{"hovertemplate":"variable=CO<sub>3</sub><sup>-2</sup><br>pH=%{x}<br>log a=%{y}<extra></extra>","legendgroup":"CO<sub>3</sub><sup>-2</sup>","line":{"color":"#2CA02C","dash":"solid"},"marker":{"symbol":"circle"},"mode":"lines","name":"CO<sub>3</sub><sup>-2</sup>","orientation":"v","showlegend":true,"type":"scatter","x":[2.0,2.0470588235294116,2.0941176470588236,2.1411764705882352,2.1882352941176473,2.235294117647059,2.2823529411764705,2.3294117647058825,2.376470588235294,2.4235294117647057,2.4705882352941178,2.5176470588235293,2.564705882352941,2.611764705882353,2.6588235294117646,2.7058823529411766,2.7529411764705882,2.8,2.847058823529412,2.8941176470588235,2.9411764705882355,2.988235294117647,3.0352941176470587,3.0823529411764703,3.1294117647058823,3.1764705882352944,3.223529411764706,3.2705882352941176,3.317647058823529,3.364705882352941,3.411764705882353,3.458823529411765,3.5058823529411764,3.552941176470588,3.6,3.6470588235294117,3.6941176470588237,3.7411764705882353,3.788235294117647,3.8352941176470585,3.8823529411764706,3.9294117647058826,3.976470588235294,4.023529411764706,4.070588235294117,4.117647058823529,4.164705882352941,4.211764705882353,4.258823529411765,4.305882352941176,4.352941176470589,4.4,4.447058823529412,4.4941176470588236,4.541176470588235,4.588235294117647,4.635294117647058,4.68235294117647,4.729411764705882,4.776470588235294,4.823529411764706,4.870588235294118,4.91764705882353,4.964705882352941,5.011764705882353,5.0588235294117645,5.105882352941176,5.152941176470588,5.2,5.247058823529412,5.294117647058823,5.341176470588236,5.3882352941176475,5.435294117647059,5.482352941176471,5.529411764705882,5.576470588235294,5.623529411764705,5.670588235294117,5.7176470588235295,5.764705882352941,5.811764705882353,5.858823529411765,5.905882352941177,5.952941176470588,6.0,6.047058823529412,6.094117647058823,6.141176470588235,6.188235294117647,6.235294117647059,6.2823529411764705,6.329411764705882,6.376470588235294,6.423529411764706,6.470588235294118,6.517647058823529,6.564705882352941,6.6117647058823525,6.658823529411765,6.705882352941177,6.752941176470588,6.8,6.847058823529411,6.894117647058824,6.9411764705882355,6.988235294117647,7.035294117647059,7.08235294117647,7.129411764705882,7.176470588235294,7.223529411764706,7.270588235294118,7.317647058823529,7.364705882352941,7.411764705882353,7.458823529411765,7.5058823529411764,7.552941176470588,7.6,7.647058823529411,7.694117647058824,7.741176470588235,7.788235294117647,7.8352941176470585,7.88235294117647,7.929411764705883,7.976470588235294,8.023529411764706,8.070588235294117,8.117647058823529,8.16470588235294,8.211764705882352,8.258823529411764,8.305882352941175,8.352941176470587,8.4,8.447058823529412,8.494117647058824,8.541176470588235,8.588235294117647,8.635294117647058,8.682352941176472,8.729411764705883,8.776470588235295,8.823529411764707,8.870588235294118,8.91764705882353,8.964705882352941,9.011764705882353,9.058823529411764,9.105882352941176,9.152941176470588,9.2,9.24705882352941,9.294117647058822,9.341176470588234,9.388235294117646,9.435294117647059,9.48235294117647,9.529411764705882,9.576470588235294,9.623529411764705,9.670588235294119,9.71764705882353,9.764705882352942,9.811764705882354,9.858823529411765,9.905882352941177,9.952941176470588,10.0,10.047058823529412,10.094117647058823,10.141176470588235,10.188235294117646,10.235294117647058,10.28235294117647,10.329411764705883,10.376470588235295,10.423529411764706,10.470588235294118,10.51764705882353,10.564705882352941,10.611764705882353,10.658823529411764,10.705882352941176,10.752941176470587,10.8,10.847058823529412,10.894117647058824,10.941176470588236,10.988235294117647,11.035294117647059,11.08235294117647,11.129411764705882,11.176470588235293,11.223529411764705,11.270588235294117,11.31764705882353,11.364705882352942,11.411764705882353,11.458823529411765,11.505882352941176,11.552941176470588,11.6,11.647058823529411,11.694117647058823,11.741176470588234,11.788235294117648,11.83529411764706,11.882352941176471,11.929411764705883,11.976470588235294,12.023529411764706,12.070588235294117,12.117647058823529,12.16470588235294,12.211764705882352,12.258823529411764,12.305882352941177,12.352941176470589,12.4,12.447058823529412,12.494117647058824,12.541176470588235,12.588235294117647,12.635294117647058,12.68235294117647,12.729411764705882,12.776470588235293,12.823529411764707,12.870588235294118,12.91764705882353,12.964705882352941,13.011764705882353,13.058823529411764,13.105882352941176,13.152941176470588,13.2,13.24705882352941,13.294117647058822,13.341176470588236,13.388235294117647,13.435294117647059,13.48235294117647,13.529411764705882,13.576470588235294,13.623529411764705,13.670588235294117,13.717647058823529,13.76470588235294,13.811764705882354,13.858823529411765,13.905882352941177,13.952941176470588,14.0],"xaxis":"x","y":[-15.196389334465902,-15.102273934743158,-15.008158792204148,-14.914043936279073,-14.81992939976548,-14.725815219213459,-14.631701435354849,-14.537588093581526,-14.443475244478353,-14.349362944417035,-14.255251256217814,-14.16114024988678,-14.067030003437347,-13.97292060380559,-13.878812147870015,-13.784704743587733,-13.690598511260278,-13.596493584943724,-13.502390114019613,-13.408288264944844,-13.314188223200874,-13.220090195464795,-13.125994412027348,-13.031901129485846,-12.937810633742945,-12.843723243345757,-12.74963931320355,-12.655559238726475,-12.561483460432498,-12.467412469074725,-12.37334681134712,-12.279287096232673,-12.185234002065126,-12.09118828438272,-11.997150784660745,-11.903122440018684,-11.809104294007504,-11.715097508593368,-11.621103377465515,-11.527123340808602,-11.433159001693097,-11.339212144251583,-11.24528475382402,-11.151379039270841,-11.057497457669397,-10.963642741626217,-10.869817929454841,-10.77602639848602,-10.682271901793486,-10.588558608633672,-10.494891148910723,-10.401274661988134,-10.307714850173706,-10.21421803720395,-10.12079123204536,-10.027442198310789,-9.93417952955665,-9.841012730677036,-9.747952305540633,-9.655009850920026,-9.562198156635965,-9.469531311674903,-9.3770248158304,-9.284695696160764,-9.192562627239656,-9.100646053796783,-9.008968313896624,-8.917553760280649,-8.826428876902213,-8.735622387016715,-8.645165348462942,-8.555091231002718,-8.465435969803604,-8.376237988394115,-8.287538183748097,-8.199379865634704,-8.111808642088283,-8.024872242907083,-7.938620273587299,-7.853103893146588,-7.768375410984317,-7.684487800333082,-7.601494129002479,-7.519446911962813,-7.438397394745111,-7.35839478143394,-7.279485425897403,-7.201712009448428,-7.125112731922762,-7.049720545740663,-6.975562463485033,-6.902658968578761,-6.831023555642046,-6.7606624221231515,-6.69157432610865,-6.623750617316089,-6.557175439786779,-6.491826096435991,-6.427673558073029,-6.364683093363761,-6.302814991892397,-6.242025350196792,-6.18226689039539,-6.123489782594988,-6.065642445323014,-6.008672302337212,-5.952526478876319,-5.897152425301977,-5.842498460785221,-5.78851423393876,-5.735151100911305,-5.6823624243534745,-5.630103798821938,-5.5783332096516745,-5.527011133175594,-5.476100586507403,-5.4255671350352825,-5.375378865405256,-5.325506331198472,-5.275922477806194,-5.226602552245369,-5.17752400288601,-5.128666373315801,-5.080011193871776,-5.031541873738842,-4.983243595957758,-4.9351032172031015,-4.887109173782699,-4.839251394969496,-4.791521224498756,-4.743911350840701,-4.696415746684151,-4.649029617932994,-4.601749362417749,-4.5545725384523355,-4.507497843315717,-4.460525101703368,-4.413655264169628,-4.3668904155635575,-4.320233793443424,-4.27368981643316,-4.22726412245345,-4.1809636167150455,-4.134796529297246,-4.088772482044046,-4.042902564388156,-3.997199417552009,-3.951677326367883,-3.906352317699246,-3.861242264125023,-3.8163669911614475,-3.7717483858371446,-3.727410503903359,-3.6833796723533596,-3.639684583248681,-3.5963563741175557,-3.553428689424002,-3.510937716837043,-3.4689221913040553,-3.4274233593104384,-3.3864848952653688,-3.346152761780723,-3.3064750058089656,-3.267501483284051,-3.2292835061713485,-3.191873407766777,-3.1553240247477112,-3.1196880978739827,-3.0850175973026257,-3.0513629830659665,-3.0187724161268363,-2.9872909402333567,-2.956959659140676,-2.9278149371985784,-2.8998876533793974,-2.873202539163257,-2.8477776290572363,-2.823623848830864,-2.8007447609433864,-2.779136479474995,-2.758787758697032,-2.739680250892984,-2.721788920884474,-2.7050825975898434,-2.6895246373851784,-2.6750736703993905,-2.6616843992911297,-2.649308420449465,-2.6378950396780265,-2.6273920578840326,-2.61774650665573,-2.6089053184251005,-2.6008159207707866,-2.5934267489876093,-2.586687675094068,-2.580550354821445,-2.5749684967657895,-2.5698980597940895,-2.5652973860353656,-2.56112727744537,-2.5573510241145203,-2.5539343923005067,-2.55084557971119,-2.548055144929824,-2.5455359171384857,-2.543262891516639,-2.54121311491513,-2.539365565663703,-2.537701030683462,-2.5362019824567823,-2.5348524578616205,-2.533637940405431,-2.532545246993115,-2.531562420028527,-2.530678625373708,-2.5298840564672567,-2.52916984472623,-2.5285279762179194,-2.527951214482702,-2.527433029311257,-2.5269675312239177,-2.5265494113624767,-2.526173886481739,-2.525836648716454,-2.525533819796347,-2.5252619093857316,-2.525017777232827,-2.5247985988261084,-2.5246018342695757,-2.5244252001049365,-2.524266643825609,-2.5241243208446806,-2.523996573696072,-2.5238819132649026,-2.523779001859163,-2.5236866379501888,-2.5236037424239783,-2.523529346199037,-2.5234625790791743,-2.523402659721509,-2.5233488866108695,-2.523300629941849,-2.5232573243190255,-2.5232184621943365,-2.523183587968316,-2.5231522926889856,-2.5231242092885884,-2.523099008304213,-2.5230763940336316,-2.523056101082484,-2.5230378912632885,-2.523021550810679,-2.523006887880833,-2.5229937303062475,-2.5229819235799225,-2.522971329045622],"yaxis":"y"}],                        {"height":400,"legend":{"title":{},"tracegroupgap":0},"margin":{"t":60},"template":{"data":{"bar":[{"error_x":{"color":"rgb(36,36,36)"},"error_y":{"color":"rgb(36,36,36)"},"marker":{"line":{"color":"white","width":0.5},"pattern":{"fillmode":"overlay","size":10,"solidity":0.2}},"type":"bar"}],"barpolar":[{"marker":{"line":{"color":"white","width":0.5},"pattern":{"fillmode":"overlay","size":10,"solidity":0.2}},"type":"barpolar"}],"carpet":[{"aaxis":{"endlinecolor":"rgb(36,36,36)","gridcolor":"white","linecolor":"white","minorgridcolor":"white","startlinecolor":"rgb(36,36,36)"},"baxis":{"endlinecolor":"rgb(36,36,36)","gridcolor":"white","linecolor":"white","minorgridcolor":"white","startlinecolor":"rgb(36,36,36)"},"type":"carpet"}],"choropleth":[{"colorbar":{"outlinewidth":1,"tickcolor":"rgb(36,36,36)","ticks":"outside"},"type":"choropleth"}],"contour":[{"colorbar":{"outlinewidth":1,"tickcolor":"rgb(36,36,36)","ticks":"outside"},"colorscale":[[0.0,"#440154"],[0.1111111111111111,"#482878"],[0.2222222222222222,"#3e4989"],[0.3333333333333333,"#31688e"],[0.4444444444444444,"#26828e"],[0.5555555555555556,"#1f9e89"],[0.6666666666666666,"#35b779"],[0.7777777777777778,"#6ece58"],[0.8888888888888888,"#b5de2b"],[1.0,"#fde725"]],"type":"contour"}],"contourcarpet":[{"colorbar":{"outlinewidth":1,"tickcolor":"rgb(36,36,36)","ticks":"outside"},"type":"contourcarpet"}],"heatmap":[{"colorbar":{"outlinewidth":1,"tickcolor":"rgb(36,36,36)","ticks":"outside"},"colorscale":[[0.0,"#440154"],[0.1111111111111111,"#482878"],[0.2222222222222222,"#3e4989"],[0.3333333333333333,"#31688e"],[0.4444444444444444,"#26828e"],[0.5555555555555556,"#1f9e89"],[0.6666666666666666,"#35b779"],[0.7777777777777778,"#6ece58"],[0.8888888888888888,"#b5de2b"],[1.0,"#fde725"]],"type":"heatmap"}],"heatmapgl":[{"colorbar":{"outlinewidth":1,"tickcolor":"rgb(36,36,36)","ticks":"outside"},"colorscale":[[0.0,"#440154"],[0.1111111111111111,"#482878"],[0.2222222222222222,"#3e4989"],[0.3333333333333333,"#31688e"],[0.4444444444444444,"#26828e"],[0.5555555555555556,"#1f9e89"],[0.6666666666666666,"#35b779"],[0.7777777777777778,"#6ece58"],[0.8888888888888888,"#b5de2b"],[1.0,"#fde725"]],"type":"heatmapgl"}],"histogram":[{"marker":{"line":{"color":"white","width":0.6}},"type":"histogram"}],"histogram2d":[{"colorbar":{"outlinewidth":1,"tickcolor":"rgb(36,36,36)","ticks":"outside"},"colorscale":[[0.0,"#440154"],[0.1111111111111111,"#482878"],[0.2222222222222222,"#3e4989"],[0.3333333333333333,"#31688e"],[0.4444444444444444,"#26828e"],[0.5555555555555556,"#1f9e89"],[0.6666666666666666,"#35b779"],[0.7777777777777778,"#6ece58"],[0.8888888888888888,"#b5de2b"],[1.0,"#fde725"]],"type":"histogram2d"}],"histogram2dcontour":[{"colorbar":{"outlinewidth":1,"tickcolor":"rgb(36,36,36)","ticks":"outside"},"colorscale":[[0.0,"#440154"],[0.1111111111111111,"#482878"],[0.2222222222222222,"#3e4989"],[0.3333333333333333,"#31688e"],[0.4444444444444444,"#26828e"],[0.5555555555555556,"#1f9e89"],[0.6666666666666666,"#35b779"],[0.7777777777777778,"#6ece58"],[0.8888888888888888,"#b5de2b"],[1.0,"#fde725"]],"type":"histogram2dcontour"}],"mesh3d":[{"colorbar":{"outlinewidth":1,"tickcolor":"rgb(36,36,36)","ticks":"outside"},"type":"mesh3d"}],"parcoords":[{"line":{"colorbar":{"outlinewidth":1,"tickcolor":"rgb(36,36,36)","ticks":"outside"}},"type":"parcoords"}],"pie":[{"automargin":true,"type":"pie"}],"scatter":[{"marker":{"colorbar":{"outlinewidth":1,"tickcolor":"rgb(36,36,36)","ticks":"outside"}},"type":"scatter"}],"scatter3d":[{"line":{"colorbar":{"outlinewidth":1,"tickcolor":"rgb(36,36,36)","ticks":"outside"}},"marker":{"colorbar":{"outlinewidth":1,"tickcolor":"rgb(36,36,36)","ticks":"outside"}},"type":"scatter3d"}],"scattercarpet":[{"marker":{"colorbar":{"outlinewidth":1,"tickcolor":"rgb(36,36,36)","ticks":"outside"}},"type":"scattercarpet"}],"scattergeo":[{"marker":{"colorbar":{"outlinewidth":1,"tickcolor":"rgb(36,36,36)","ticks":"outside"}},"type":"scattergeo"}],"scattergl":[{"marker":{"colorbar":{"outlinewidth":1,"tickcolor":"rgb(36,36,36)","ticks":"outside"}},"type":"scattergl"}],"scattermapbox":[{"marker":{"colorbar":{"outlinewidth":1,"tickcolor":"rgb(36,36,36)","ticks":"outside"}},"type":"scattermapbox"}],"scatterpolar":[{"marker":{"colorbar":{"outlinewidth":1,"tickcolor":"rgb(36,36,36)","ticks":"outside"}},"type":"scatterpolar"}],"scatterpolargl":[{"marker":{"colorbar":{"outlinewidth":1,"tickcolor":"rgb(36,36,36)","ticks":"outside"}},"type":"scatterpolargl"}],"scatterternary":[{"marker":{"colorbar":{"outlinewidth":1,"tickcolor":"rgb(36,36,36)","ticks":"outside"}},"type":"scatterternary"}],"surface":[{"colorbar":{"outlinewidth":1,"tickcolor":"rgb(36,36,36)","ticks":"outside"},"colorscale":[[0.0,"#440154"],[0.1111111111111111,"#482878"],[0.2222222222222222,"#3e4989"],[0.3333333333333333,"#31688e"],[0.4444444444444444,"#26828e"],[0.5555555555555556,"#1f9e89"],[0.6666666666666666,"#35b779"],[0.7777777777777778,"#6ece58"],[0.8888888888888888,"#b5de2b"],[1.0,"#fde725"]],"type":"surface"}],"table":[{"cells":{"fill":{"color":"rgb(237,237,237)"},"line":{"color":"white"}},"header":{"fill":{"color":"rgb(217,217,217)"},"line":{"color":"white"}},"type":"table"}]},"layout":{"annotationdefaults":{"arrowhead":0,"arrowwidth":1},"autotypenumbers":"strict","coloraxis":{"colorbar":{"outlinewidth":1,"tickcolor":"rgb(36,36,36)","ticks":"outside"}},"colorscale":{"diverging":[[0.0,"rgb(103,0,31)"],[0.1,"rgb(178,24,43)"],[0.2,"rgb(214,96,77)"],[0.3,"rgb(244,165,130)"],[0.4,"rgb(253,219,199)"],[0.5,"rgb(247,247,247)"],[0.6,"rgb(209,229,240)"],[0.7,"rgb(146,197,222)"],[0.8,"rgb(67,147,195)"],[0.9,"rgb(33,102,172)"],[1.0,"rgb(5,48,97)"]],"sequential":[[0.0,"#440154"],[0.1111111111111111,"#482878"],[0.2222222222222222,"#3e4989"],[0.3333333333333333,"#31688e"],[0.4444444444444444,"#26828e"],[0.5555555555555556,"#1f9e89"],[0.6666666666666666,"#35b779"],[0.7777777777777778,"#6ece58"],[0.8888888888888888,"#b5de2b"],[1.0,"#fde725"]],"sequentialminus":[[0.0,"#440154"],[0.1111111111111111,"#482878"],[0.2222222222222222,"#3e4989"],[0.3333333333333333,"#31688e"],[0.4444444444444444,"#26828e"],[0.5555555555555556,"#1f9e89"],[0.6666666666666666,"#35b779"],[0.7777777777777778,"#6ece58"],[0.8888888888888888,"#b5de2b"],[1.0,"#fde725"]]},"colorway":["#1F77B4","#FF7F0E","#2CA02C","#D62728","#9467BD","#8C564B","#E377C2","#7F7F7F","#BCBD22","#17BECF"],"font":{"color":"rgb(36,36,36)"},"geo":{"bgcolor":"white","lakecolor":"white","landcolor":"white","showlakes":true,"showland":true,"subunitcolor":"white"},"hoverlabel":{"align":"left"},"hovermode":"closest","mapbox":{"style":"light"},"paper_bgcolor":"white","plot_bgcolor":"white","polar":{"angularaxis":{"gridcolor":"rgb(232,232,232)","linecolor":"rgb(36,36,36)","showgrid":false,"showline":true,"ticks":"outside"},"bgcolor":"white","radialaxis":{"gridcolor":"rgb(232,232,232)","linecolor":"rgb(36,36,36)","showgrid":false,"showline":true,"ticks":"outside"}},"scene":{"xaxis":{"backgroundcolor":"white","gridcolor":"rgb(232,232,232)","gridwidth":2,"linecolor":"rgb(36,36,36)","showbackground":true,"showgrid":false,"showline":true,"ticks":"outside","zeroline":false,"zerolinecolor":"rgb(36,36,36)"},"yaxis":{"backgroundcolor":"white","gridcolor":"rgb(232,232,232)","gridwidth":2,"linecolor":"rgb(36,36,36)","showbackground":true,"showgrid":false,"showline":true,"ticks":"outside","zeroline":false,"zerolinecolor":"rgb(36,36,36)"},"zaxis":{"backgroundcolor":"white","gridcolor":"rgb(232,232,232)","gridwidth":2,"linecolor":"rgb(36,36,36)","showbackground":true,"showgrid":false,"showline":true,"ticks":"outside","zeroline":false,"zerolinecolor":"rgb(36,36,36)"}},"shapedefaults":{"fillcolor":"black","line":{"width":0},"opacity":0.3},"ternary":{"aaxis":{"gridcolor":"rgb(232,232,232)","linecolor":"rgb(36,36,36)","showgrid":false,"showline":true,"ticks":"outside"},"baxis":{"gridcolor":"rgb(232,232,232)","linecolor":"rgb(36,36,36)","showgrid":false,"showline":true,"ticks":"outside"},"bgcolor":"white","caxis":{"gridcolor":"rgb(232,232,232)","linecolor":"rgb(36,36,36)","showgrid":false,"showline":true,"ticks":"outside"}},"title":{"x":0.05},"xaxis":{"automargin":true,"gridcolor":"rgb(232,232,232)","linecolor":"rgb(36,36,36)","showgrid":false,"showline":true,"ticks":"outside","title":{"standoff":15},"zeroline":false,"zerolinecolor":"rgb(36,36,36)"},"yaxis":{"automargin":true,"gridcolor":"rgb(232,232,232)","linecolor":"rgb(36,36,36)","showgrid":false,"showline":true,"ticks":"outside","title":{"standoff":15},"zeroline":false,"zerolinecolor":"rgb(36,36,36)"}}},"width":500,"xaxis":{"anchor":"y","domain":[0.0,1.0],"title":{"text":"pH"}},"yaxis":{"anchor":"x","domain":[0.0,1.0],"title":{"text":"log a"}}},                        {"displaylogo": false, "modeBarButtonsToRemove": ["resetScale2d", "toggleSpikelines"], "toImageButtonOptions": {"format": "png", "filename": null, "height": 400, "width": 500, "scale": 1}, "responsive": true}                    ).then(function(){
  ?                                             ^^^^^^^^^^^^^^ ^^^^  ^  ^^^^^^^^^^^                                                                                                                                                                                                                                                                                                   ^^^^^^^^^^^^^^ ^^^^  ^  ^^^^^^^^^^                                                                   ^^^^^^^^^^^^^^ ^^^^  ^  ^^^^^^^^^^^^
  + <div>                            <div id="a4e24273-e2c1-403f-a0d6-2708c79b9a48" class="plotly-graph-div" style="height:400px; width:500px;"></div>            <script type="text/javascript">                require(["plotly"], function(Plotly) {                    window.PLOTLYENV=window.PLOTLYENV || {};                                    if (document.getElementById("a4e24273-e2c1-403f-a0d6-2708c79b9a48")) {                    Plotly.newPlot(                        "a4e24273-e2c1-403f-a0d6-2708c79b9a48",                        [{"hovertemplate":"variable=CO<sub>2</sub><br>pH=%{x}<br>log a=%{y}<extra></extra>","legendgroup":"CO<sub>2</sub>","line":{"color":"#1F77B4","dash":"solid"},"marker":{"symbol":"circle"},"mode":"lines","name":"CO<sub>2</sub>","orientation":"v","showlegend":true,"type":"scatter","x":[2.0,2.0470588235294116,2.0941176470588236,2.1411764705882352,2.1882352941176473,2.235294117647059,2.2823529411764705,2.3294117647058825,2.376470588235294,2.4235294117647057,2.4705882352941178,2.5176470588235293,2.564705882352941,2.611764705882353,2.6588235294117646,2.7058823529411766,2.7529411764705882,2.8,2.847058823529412,2.8941176470588235,2.9411764705882355,2.988235294117647,3.0352941176470587,3.0823529411764703,3.1294117647058823,3.1764705882352944,3.223529411764706,3.2705882352941176,3.317647058823529,3.364705882352941,3.411764705882353,3.458823529411765,3.5058823529411764,3.552941176470588,3.6,3.6470588235294117,3.6941176470588237,3.7411764705882353,3.788235294117647,3.8352941176470585,3.8823529411764706,3.9294117647058826,3.976470588235294,4.023529411764706,4.070588235294117,4.117647058823529,4.164705882352941,4.211764705882353,4.258823529411765,4.305882352941176,4.352941176470589,4.4,4.447058823529412,4.4941176470588236,4.541176470588235,4.588235294117647,4.635294117647058,4.68235294117647,4.729411764705882,4.776470588235294,4.823529411764706,4.870588235294118,4.91764705882353,4.964705882352941,5.011764705882353,5.0588235294117645,5.105882352941176,5.152941176470588,5.2,5.247058823529412,5.294117647058823,5.341176470588236,5.3882352941176475,5.435294117647059,5.482352941176471,5.529411764705882,5.576470588235294,5.623529411764705,5.670588235294117,5.7176470588235295,5.764705882352941,5.811764705882353,5.858823529411765,5.905882352941177,5.952941176470588,6.0,6.047058823529412,6.094117647058823,6.141176470588235,6.188235294117647,6.235294117647059,6.2823529411764705,6.329411764705882,6.376470588235294,6.423529411764706,6.470588235294118,6.517647058823529,6.564705882352941,6.6117647058823525,6.658823529411765,6.705882352941177,6.752941176470588,6.8,6.847058823529411,6.894117647058824,6.9411764705882355,6.988235294117647,7.035294117647059,7.08235294117647,7.129411764705882,7.176470588235294,7.223529411764706,7.270588235294118,7.317647058823529,7.364705882352941,7.411764705882353,7.458823529411765,7.5058823529411764,7.552941176470588,7.6,7.647058823529411,7.694117647058824,7.741176470588235,7.788235294117647,7.8352941176470585,7.88235294117647,7.929411764705883,7.976470588235294,8.023529411764706,8.070588235294117,8.117647058823529,8.16470588235294,8.211764705882352,8.258823529411764,8.305882352941175,8.352941176470587,8.4,8.447058823529412,8.494117647058824,8.541176470588235,8.588235294117647,8.635294117647058,8.682352941176472,8.729411764705883,8.776470588235295,8.823529411764707,8.870588235294118,8.91764705882353,8.964705882352941,9.011764705882353,9.058823529411764,9.105882352941176,9.152941176470588,9.2,9.24705882352941,9.294117647058822,9.341176470588234,9.388235294117646,9.435294117647059,9.48235294117647,9.529411764705882,9.576470588235294,9.623529411764705,9.670588235294119,9.71764705882353,9.764705882352942,9.811764705882354,9.858823529411765,9.905882352941177,9.952941176470588,10.0,10.047058823529412,10.094117647058823,10.141176470588235,10.188235294117646,10.235294117647058,10.28235294117647,10.329411764705883,10.376470588235295,10.423529411764706,10.470588235294118,10.51764705882353,10.564705882352941,10.611764705882353,10.658823529411764,10.705882352941176,10.752941176470587,10.8,10.847058823529412,10.894117647058824,10.941176470588236,10.988235294117647,11.035294117647059,11.08235294117647,11.129411764705882,11.176470588235293,11.223529411764705,11.270588235294117,11.31764705882353,11.364705882352942,11.411764705882353,11.458823529411765,11.505882352941176,11.552941176470588,11.6,11.647058823529411,11.694117647058823,11.741176470588234,11.788235294117648,11.83529411764706,11.882352941176471,11.929411764705883,11.976470588235294,12.023529411764706,12.070588235294117,12.117647058823529,12.16470588235294,12.211764705882352,12.258823529411764,12.305882352941177,12.352941176470589,12.4,12.447058823529412,12.494117647058824,12.541176470588235,12.588235294117647,12.635294117647058,12.68235294117647,12.729411764705882,12.776470588235293,12.823529411764707,12.870588235294118,12.91764705882353,12.964705882352941,13.011764705882353,13.058823529411764,13.105882352941176,13.152941176470588,13.2,13.24705882352941,13.294117647058822,13.341176470588236,13.388235294117647,13.435294117647059,13.48235294117647,13.529411764705882,13.576470588235294,13.623529411764705,13.670588235294117,13.717647058823529,13.76470588235294,13.811764705882354,13.858823529411765,13.905882352941177,13.952941176470588,14.0],"xaxis":"x","y":[-2.5228983825160727,-2.522900629852149,-2.5229031343719615,-2.5229059255057096,-2.522909036050943,-2.5229125025577464,-2.5229163657579594,-2.522920671043459,-2.5229254689991096,-2.5229308159966144,-2.5229367748562184,-2.522943415584005,-2.5229508161933976,-2.5229590636204637,-2.5229682547437107,-2.5229784975202563,-2.5229899122516244,-2.5230026329938946,-2.523016809128606,-2.523032607112659,-2.5230502124275143,-2.5230698317502576,-2.523091695371635,-2.5231160598889555,-2.5231432112048777,-2.523173467866515,-2.5232071847831308,-2.52324475736488,-2.523286626129725,-2.5233332818307783,-2.523385271161996,-2.523443203106372,-2.5235077559976493,-2.5235796853740657,-2.5236598327109134,-2.523749135127675,-2.5238486361753205,-2.523959497820007,-2.524083013750976,-2.524220624152888,-2.524373932096207,-2.5245447217135175,-2.524734978344777,-2.5249469108504217,-2.5251829763078013,-2.5254459073234443,-2.525738742210892,-2.526064858300894,-2.5264280086671853,-2.526832362566195,-2.5272825499020697,-2.527783710038304,-2.5283415452827,-2.5289623793717673,-2.529653221271997,-2.5304218345962513,-2.531276812900935,-2.532227661080145,-2.533284883002565,-2.5344600754407822,-2.535766028215546,-2.537216830313308,-2.5388279815276285,-2.540616508916816,-2.54260108705453,-2.5448021606704825,-2.547242067829146,-2.5499451612719937,-2.552937924952382,-2.5562490821257087,-2.559909690630758,-2.5639532202293593,-2.5684156060890695,-2.5733352717384026,-2.578753114151209,-2.5847124430966377,-2.591258866609039,-2.5984401144866633,-2.606305792225702,-2.6149070588438152,-2.6242962237403673,-2.634526260147957,-2.645650235876178,-2.6577206658953356,-2.670788795736457,-2.68490382948411,-2.700112121006396,-2.716456351616244,-2.733974721149401,-2.7527001820261274,-2.77265974682932,-2.7938738989818717,-2.8163561331039806,-2.8401126466439086,-2.8651421976882316,-2.891436135954494,-2.918978605484007,-2.947746909192043,-2.9777120178879035,-3.0088392002374595,-3.04108874582492,-3.0744167511881386,-3.1087759384455587,-3.1441164777039803,-3.180386787490831,-3.2175342915638523,-3.255506115161783,-3.2942497086462637,-3.3337133911883305,-3.3738468114006936,-3.4146013254320637,-3.455930295933056,-3.4977893174603425,-3.5401363753489026,-3.5829319459316453,-3.6261390463222796,-3.6697232419089816,-3.713652619337778,-3.7578977321898175,-3.8024315258563632,-3.8472292473543614,-3.892268345053827,-3.9375283625424418,-3.9829908301572403,-4.028639157083129,-4.074458526360868,-4.120435794665036,-4.166559398303457,-4.212819266549078,-4.2592067431371605,-4.305714516537929,-4.352336559440201,-4.399068077747868,-4.445905469291446,-4.492846292384856,-4.53988924430706,-4.5870341497535385,-4.6342819592786215,-4.681634757731374,-4.729095782670063,-4.7766694527186235,-4.824361405797736,-4.872178547118159,-4.920129106759182,-4.968222706564806,-5.016470435967739,-5.064884936190415,-5.113480492065113,-5.162273130455299,-5.211280723939899,-5.260523098035146,-5.310022139769666,-5.359801904894704,-5.409888720403528,-5.460311278357672,-5.511100716285371,-5.5622906786506405,-5.613917353122504,-5.666019474648344,-5.7186382897135495,-5.771817472727303,-5.82560298630148,-5.880042877388547,-5.9351870019224595,-5.99108667186858,-6.047794220522832,-6.105362484562589,-6.163844204747683,-6.223291351235149,-6.283754384057314,-6.345281464177006,-6.40791763534235,-6.471704001308492,-6.536676926425218,-6.602867289664861,-6.670299822507543,-6.738992559460346,-6.8089564262927995,-6.880194985464145,-6.952704351054577,-7.0264732773354375,-7.101483416590213,-7.177709733640526,-7.255121057404719,-7.333680744258877,-7.413347424331912,-7.4940758002824746,-7.575817468499637,-7.658521734787021,-7.742136400051851,-7.826608495882372,-7.911884954710565,-7.997913204115075,-8.084641679390721,-8.172020252556003,-8.2600005793422,-8.348536368345371,-8.437583578432493,-8.527100551732596,-8.617048090201424,-8.707389483929397,-8.798090499174208,-8.889119333643713,-8.98044654592117,-9.072044965188656,-9.163889586625633,-9.255957457082946,-9.348227554890343,-9.440680666968928,-9.533299265801073,-9.626067388264733,-9.718970517867366,-9.811995471513875,-9.90513029160811,-9.998364144012113,-10.091687222164484,-10.18509065748228,-10.278566436032794,-10.372107321356399,-10.465706783243782,-10.559358932215266,-10.653058459412648,-10.746800581590733,-10.840580990884272,-10.934395809022988,-11.028241545671197,-11.122115060577114,-11.216013529229219,-11.30993441173151,-11.403875424625694,-11.497834515405193,-11.591809839483087,-11.685799739393302,-11.779802726020955,-11.873817461674038,-11.967842744823889,-12.061877496356502,-12.155920747190384,-12.249971627129343,-12.344029354830502,-12.438093228778685,-12.532162619168492,-12.62623696060449,-12.720315745538626,-12.814398518371428,-12.908484870150922,-13.002574433809347,-13.096666879883793,-13.190761912672036,-13.284859266779712,-13.37895870401934,-13.473060010625556,-13.567162994754534,-13.661267484238772,-13.75537332457127,-13.849480377095793],"yaxis":"y"},{"hovertemplate":"variable=HCO<sub>3</sub><sup>-</sup><br>pH=%{x}<br>log a=%{y}<extra></extra>","legendgroup":"HCO<sub>3</sub><sup>-</sup>","line":{"color":"#FF7F0E","dash":"solid"},"marker":{"symbol":"circle"},"mode":"lines","name":"HCO<sub>3</sub><sup>-</sup>","orientation":"v","showlegend":true,"type":"scatter","x":[2.0,2.0470588235294116,2.0941176470588236,2.1411764705882352,2.1882352941176473,2.235294117647059,2.2823529411764705,2.3294117647058825,2.376470588235294,2.4235294117647057,2.4705882352941178,2.5176470588235293,2.564705882352941,2.611764705882353,2.6588235294117646,2.7058823529411766,2.7529411764705882,2.8,2.847058823529412,2.8941176470588235,2.9411764705882355,2.988235294117647,3.0352941176470587,3.0823529411764703,3.1294117647058823,3.1764705882352944,3.223529411764706,3.2705882352941176,3.317647058823529,3.364705882352941,3.411764705882353,3.458823529411765,3.5058823529411764,3.552941176470588,3.6,3.6470588235294117,3.6941176470588237,3.7411764705882353,3.788235294117647,3.8352941176470585,3.8823529411764706,3.9294117647058826,3.976470588235294,4.023529411764706,4.070588235294117,4.117647058823529,4.164705882352941,4.211764705882353,4.258823529411765,4.305882352941176,4.352941176470589,4.4,4.447058823529412,4.4941176470588236,4.541176470588235,4.588235294117647,4.635294117647058,4.68235294117647,4.729411764705882,4.776470588235294,4.823529411764706,4.870588235294118,4.91764705882353,4.964705882352941,5.011764705882353,5.0588235294117645,5.105882352941176,5.152941176470588,5.2,5.247058823529412,5.294117647058823,5.341176470588236,5.3882352941176475,5.435294117647059,5.482352941176471,5.529411764705882,5.576470588235294,5.623529411764705,5.670588235294117,5.7176470588235295,5.764705882352941,5.811764705882353,5.858823529411765,5.905882352941177,5.952941176470588,6.0,6.047058823529412,6.094117647058823,6.141176470588235,6.188235294117647,6.235294117647059,6.2823529411764705,6.329411764705882,6.376470588235294,6.423529411764706,6.470588235294118,6.517647058823529,6.564705882352941,6.6117647058823525,6.658823529411765,6.705882352941177,6.752941176470588,6.8,6.847058823529411,6.894117647058824,6.9411764705882355,6.988235294117647,7.035294117647059,7.08235294117647,7.129411764705882,7.176470588235294,7.223529411764706,7.270588235294118,7.317647058823529,7.364705882352941,7.411764705882353,7.458823529411765,7.5058823529411764,7.552941176470588,7.6,7.647058823529411,7.694117647058824,7.741176470588235,7.788235294117647,7.8352941176470585,7.88235294117647,7.929411764705883,7.976470588235294,8.023529411764706,8.070588235294117,8.117647058823529,8.16470588235294,8.211764705882352,8.258823529411764,8.305882352941175,8.352941176470587,8.4,8.447058823529412,8.494117647058824,8.541176470588235,8.588235294117647,8.635294117647058,8.682352941176472,8.729411764705883,8.776470588235295,8.823529411764707,8.870588235294118,8.91764705882353,8.964705882352941,9.011764705882353,9.058823529411764,9.105882352941176,9.152941176470588,9.2,9.24705882352941,9.294117647058822,9.341176470588234,9.388235294117646,9.435294117647059,9.48235294117647,9.529411764705882,9.576470588235294,9.623529411764705,9.670588235294119,9.71764705882353,9.764705882352942,9.811764705882354,9.858823529411765,9.905882352941177,9.952941176470588,10.0,10.047058823529412,10.094117647058823,10.141176470588235,10.188235294117646,10.235294117647058,10.28235294117647,10.329411764705883,10.376470588235295,10.423529411764706,10.470588235294118,10.51764705882353,10.564705882352941,10.611764705882353,10.658823529411764,10.705882352941176,10.752941176470587,10.8,10.847058823529412,10.894117647058824,10.941176470588236,10.988235294117647,11.035294117647059,11.08235294117647,11.129411764705882,11.176470588235293,11.223529411764705,11.270588235294117,11.31764705882353,11.364705882352942,11.411764705882353,11.458823529411765,11.505882352941176,11.552941176470588,11.6,11.647058823529411,11.694117647058823,11.741176470588234,11.788235294117648,11.83529411764706,11.882352941176471,11.929411764705883,11.976470588235294,12.023529411764706,12.070588235294117,12.117647058823529,12.16470588235294,12.211764705882352,12.258823529411764,12.305882352941177,12.352941176470589,12.4,12.447058823529412,12.494117647058824,12.541176470588235,12.588235294117647,12.635294117647058,12.68235294117647,12.729411764705882,12.776470588235293,12.823529411764707,12.870588235294118,12.91764705882353,12.964705882352941,13.011764705882353,13.058823529411764,13.105882352941176,13.152941176470588,13.2,13.24705882352941,13.294117647058822,13.341176470588236,13.388235294117647,13.435294117647059,13.48235294117647,13.529411764705882,13.576470588235294,13.623529411764705,13.670588235294117,13.717647058823529,13.76470588235294,13.811764705882354,13.858823529411765,13.905882352941177,13.952941176470588,14.0],"xaxis":"x","y":[-6.867592523558441,-6.820535947365106,-6.773479628355507,-6.726423595959844,-6.679367882975663,-6.632312525953055,-6.585257565623857,-6.538203047379945,-6.491149021806184,-6.444095545274276,-6.397042680604469,-6.349990497802844,-6.302939074882825,-6.255888498780479,-6.208838866374315,-6.161790285621448,-6.114742876823405,-6.067696774036262,-6.020652126641561,-5.973609101096203,-5.926567882881647,-5.879528678674978,-5.832491718766944,-5.785457259754853,-5.7384255875413634,-5.691397020673588,-5.644371914060793,-5.59735066311313,-5.550333708348564,-5.503321540520204,-5.45631470632201,-5.409313814736976,-5.362319544098841,-5.315332649945846,-5.268353973753282,-5.221384452640631,-5.174425130158864,-5.12747716827414,-5.080541860675697,-5.033620647548197,-4.986715131962104,-4.939827098050003,-4.89295853115185,-4.8461116401280835,-4.799288882056052,-4.752492989542283,-4.705727000900319,-4.658994293460909,-4.612298620297788,-4.565644150667386,-4.519035514473848,-4.472477851080671,-4.425976862795656,-4.379538873355312,-4.33317089172613,-4.286880681520972,-4.240676836296244,-4.194568860946043,-4.148567259339051,-4.102683628247856,-4.056930757493208,-4.011322736061557,-3.9658750637464664,-3.920604767606242,-3.875530522214545,-3.830672772301085,-3.786053855930337,-3.7416981258437736,-3.697632065994749,-3.653884399638664,-3.6104861846143024,-3.5674708906834907,-3.5248744530137897,-3.4827352951337116,-3.441094314017106,-3.3999948194331235,-3.3594824194161133,-3.319604843764326,-3.2804116979739524,-3.241954141062654,-3.2042844824297942,-3.167455695307972,-3.1315208475067804,-3.0965324539965264,-3.0625417603082368,-3.0295979705264777,-2.997747438519352,-2.9670328455997885,-2.937492391603534,-2.9091590289508478,-2.882059770224629,-2.8562150988477693,-2.831638509440466,-2.808336199450982,-2.786306926965893,-2.765542041702744,-2.7460256877028453,-2.7277351678814696,-2.710641453047919,-2.694709811868062,-2.679900533926111,-2.666169715759918,-2.6534700794879265,-2.6417517952169365,-2.630963281474375,-2.6210519620179844,-2.6119649620865033,-2.603649732041572,-2.5960545910542274,-2.5891291877371794,-2.582824878239137,-2.5770950252107174,-2.5718952232085925,-2.5671834575677406,-2.5629202046210717,-2.5590684814822935,-2.555593853539584,-2.5524644074389693,-2.5496506967615966,-2.547125666898731,-2.544864564867318,-2.542844839037371,-2.5410460329965736,-2.539449677081961,-2.5380391804784375,-2.5367997262267648,-2.5357181710015206,-2.53478295111053,-2.5339839958267394,-2.5333126488854107,-2.5327615987567675,-2.532324818129628,-2.5319975129078838,-2.5317760809220498,-2.5316580804860482,-2.5316422088788406,-2.5317282907959053,-2.531917276791577,-2.5322112517149185,-2.532613453124196,-2.5331282996433444,-2.5337614291930457,-2.5345197469840537,-2.535411483095667,-2.536446259371878,-2.5376351652454003,-2.538990841938664,-2.54052757428395,-2.5422613891447243,-2.544210159099913,-2.546393709665749,-2.548833927870858,-2.5515548694664845,-2.5545828614458963,-2.557946595870629,-2.561677210268916,-2.5658083491047736,-2.570376200047226,-2.575419498043652,-2.580979489579446,-2.5870998490637884,-2.5938265391085538,-2.6012076066662084,-2.6092929076707074,-2.6181337540874163,-2.6277824792122564,-2.6382919197226022,-2.6497148163782853,-2.66210313933634,-2.6755073486290923,-2.6899756052193737,-2.7055529528553057,-2.7222804952920368,-2.7401945968793506,-2.759326136589581,-2.7796998459028526,-2.8013337593262433,-2.824238802629284,-2.8484185382712184,-2.8738690803322386,-2.9005791830836873,-2.9285304988090513,-2.957697992329953,-2.9880504925647333,-3.0195513558894795,-3.0521592124331036,-3.0858287648542544,-3.120511609542003,-3.1561570522999762,-3.1927128940353944,-3.230126166336503,-3.268343801635285,-3.3073132275103827,-3.346982879256617,-3.3873026288924875,-3.4282241321492757,-3.469701097623032,-3.511689484180744,-3.554147633951433,-3.5970363488908497,-3.6403189190894114,-3.683961110804809,-3.727931121744904,-3.7721995104929493,-3.816739106231023,-3.861524904138588,-3.9065339510664905,-3.9517452253444745,-3.9971395138936483,-4.0426992891963796,-4.08840858813063,-4.134252894203851,-4.180219024320946,-4.22629502088577,-4.272470049760363,-4.318734304383323,-4.365078916171708,-4.411495871192809,-4.457977932987003,-4.504518571344972,-4.551111896787044,-4.597752600455014,-4.644435899103689,-4.691157484867815,-4.73791347947712,-4.784700392595916,-4.831515083972423,-4.878354729095117,-4.925216788067995,-4.972098977432767,-5.018999244682854,-5.065915745231337,-5.1128468216121385,-5.159790984710382,-5.206746896834053,-5.25371335645449,-5.300689284457692,-5.347673711762162,-5.394665768171711,-5.441664672343458,-5.48866972276223,-5.535680289622622,-5.582695807529211,-5.629715768933934,-5.676739718237325,-5.723767246487407,-5.770797986616419,-5.8178316091614555,-5.8648678184202865,-5.91190634899855,-5.958946962708766,-6.00598944578557,-6.053033606385135,-6.100079272339961,-6.147126289143049,-6.19417451813816],"yaxis":"y"},{"hovertemplate":"variable=CO<sub>3</sub><sup>-2</sup><br>pH=%{x}<br>log a=%{y}<extra></extra>","legendgroup":"CO<sub>3</sub><sup>-2</sup>","line":{"color":"#2CA02C","dash":"solid"},"marker":{"symbol":"circle"},"mode":"lines","name":"CO<sub>3</sub><sup>-2</sup>","orientation":"v","showlegend":true,"type":"scatter","x":[2.0,2.0470588235294116,2.0941176470588236,2.1411764705882352,2.1882352941176473,2.235294117647059,2.2823529411764705,2.3294117647058825,2.376470588235294,2.4235294117647057,2.4705882352941178,2.5176470588235293,2.564705882352941,2.611764705882353,2.6588235294117646,2.7058823529411766,2.7529411764705882,2.8,2.847058823529412,2.8941176470588235,2.9411764705882355,2.988235294117647,3.0352941176470587,3.0823529411764703,3.1294117647058823,3.1764705882352944,3.223529411764706,3.2705882352941176,3.317647058823529,3.364705882352941,3.411764705882353,3.458823529411765,3.5058823529411764,3.552941176470588,3.6,3.6470588235294117,3.6941176470588237,3.7411764705882353,3.788235294117647,3.8352941176470585,3.8823529411764706,3.9294117647058826,3.976470588235294,4.023529411764706,4.070588235294117,4.117647058823529,4.164705882352941,4.211764705882353,4.258823529411765,4.305882352941176,4.352941176470589,4.4,4.447058823529412,4.4941176470588236,4.541176470588235,4.588235294117647,4.635294117647058,4.68235294117647,4.729411764705882,4.776470588235294,4.823529411764706,4.870588235294118,4.91764705882353,4.964705882352941,5.011764705882353,5.0588235294117645,5.105882352941176,5.152941176470588,5.2,5.247058823529412,5.294117647058823,5.341176470588236,5.3882352941176475,5.435294117647059,5.482352941176471,5.529411764705882,5.576470588235294,5.623529411764705,5.670588235294117,5.7176470588235295,5.764705882352941,5.811764705882353,5.858823529411765,5.905882352941177,5.952941176470588,6.0,6.047058823529412,6.094117647058823,6.141176470588235,6.188235294117647,6.235294117647059,6.2823529411764705,6.329411764705882,6.376470588235294,6.423529411764706,6.470588235294118,6.517647058823529,6.564705882352941,6.6117647058823525,6.658823529411765,6.705882352941177,6.752941176470588,6.8,6.847058823529411,6.894117647058824,6.9411764705882355,6.988235294117647,7.035294117647059,7.08235294117647,7.129411764705882,7.176470588235294,7.223529411764706,7.270588235294118,7.317647058823529,7.364705882352941,7.411764705882353,7.458823529411765,7.5058823529411764,7.552941176470588,7.6,7.647058823529411,7.694117647058824,7.741176470588235,7.788235294117647,7.8352941176470585,7.88235294117647,7.929411764705883,7.976470588235294,8.023529411764706,8.070588235294117,8.117647058823529,8.16470588235294,8.211764705882352,8.258823529411764,8.305882352941175,8.352941176470587,8.4,8.447058823529412,8.494117647058824,8.541176470588235,8.588235294117647,8.635294117647058,8.682352941176472,8.729411764705883,8.776470588235295,8.823529411764707,8.870588235294118,8.91764705882353,8.964705882352941,9.011764705882353,9.058823529411764,9.105882352941176,9.152941176470588,9.2,9.24705882352941,9.294117647058822,9.341176470588234,9.388235294117646,9.435294117647059,9.48235294117647,9.529411764705882,9.576470588235294,9.623529411764705,9.670588235294119,9.71764705882353,9.764705882352942,9.811764705882354,9.858823529411765,9.905882352941177,9.952941176470588,10.0,10.047058823529412,10.094117647058823,10.141176470588235,10.188235294117646,10.235294117647058,10.28235294117647,10.329411764705883,10.376470588235295,10.423529411764706,10.470588235294118,10.51764705882353,10.564705882352941,10.611764705882353,10.658823529411764,10.705882352941176,10.752941176470587,10.8,10.847058823529412,10.894117647058824,10.941176470588236,10.988235294117647,11.035294117647059,11.08235294117647,11.129411764705882,11.176470588235293,11.223529411764705,11.270588235294117,11.31764705882353,11.364705882352942,11.411764705882353,11.458823529411765,11.505882352941176,11.552941176470588,11.6,11.647058823529411,11.694117647058823,11.741176470588234,11.788235294117648,11.83529411764706,11.882352941176471,11.929411764705883,11.976470588235294,12.023529411764706,12.070588235294117,12.117647058823529,12.16470588235294,12.211764705882352,12.258823529411764,12.305882352941177,12.352941176470589,12.4,12.447058823529412,12.494117647058824,12.541176470588235,12.588235294117647,12.635294117647058,12.68235294117647,12.729411764705882,12.776470588235293,12.823529411764707,12.870588235294118,12.91764705882353,12.964705882352941,13.011764705882353,13.058823529411764,13.105882352941176,13.152941176470588,13.2,13.24705882352941,13.294117647058822,13.341176470588236,13.388235294117647,13.435294117647059,13.48235294117647,13.529411764705882,13.576470588235294,13.623529411764705,13.670588235294117,13.717647058823529,13.76470588235294,13.811764705882354,13.858823529411765,13.905882352941177,13.952941176470588,14.0],"xaxis":"x","y":[-15.196389334465902,-15.102273934743158,-15.008158792204148,-14.914043936279073,-14.81992939976548,-14.725815219213459,-14.631701435354849,-14.537588093581526,-14.443475244478353,-14.349362944417035,-14.255251256217814,-14.16114024988678,-14.067030003437347,-13.97292060380559,-13.878812147870015,-13.784704743587733,-13.690598511260278,-13.596493584943724,-13.502390114019613,-13.408288264944844,-13.314188223200874,-13.220090195464795,-13.125994412027348,-13.031901129485846,-12.937810633742945,-12.843723243345757,-12.74963931320355,-12.655559238726475,-12.561483460432498,-12.467412469074725,-12.37334681134712,-12.279287096232673,-12.185234002065126,-12.09118828438272,-11.997150784660745,-11.903122440018684,-11.809104294007504,-11.715097508593368,-11.621103377465515,-11.527123340808602,-11.433159001693097,-11.339212144251583,-11.24528475382402,-11.151379039270841,-11.057497457669397,-10.963642741626217,-10.869817929454841,-10.77602639848602,-10.682271901793486,-10.588558608633672,-10.494891148910723,-10.401274661988134,-10.307714850173706,-10.21421803720395,-10.12079123204536,-10.027442198310789,-9.93417952955665,-9.841012730677036,-9.747952305540633,-9.655009850920026,-9.562198156635965,-9.469531311674903,-9.3770248158304,-9.284695696160764,-9.192562627239656,-9.100646053796783,-9.008968313896624,-8.917553760280649,-8.826428876902213,-8.735622387016715,-8.645165348462942,-8.555091231002718,-8.465435969803604,-8.376237988394115,-8.287538183748097,-8.199379865634704,-8.111808642088283,-8.024872242907083,-7.938620273587299,-7.853103893146588,-7.768375410984317,-7.684487800333082,-7.601494129002479,-7.519446911962813,-7.438397394745111,-7.35839478143394,-7.279485425897403,-7.201712009448428,-7.125112731922762,-7.049720545740663,-6.975562463485033,-6.902658968578761,-6.831023555642046,-6.7606624221231515,-6.69157432610865,-6.623750617316089,-6.557175439786779,-6.491826096435991,-6.427673558073029,-6.364683093363761,-6.302814991892397,-6.242025350196792,-6.18226689039539,-6.123489782594988,-6.065642445323014,-6.008672302337212,-5.952526478876319,-5.897152425301977,-5.842498460785221,-5.78851423393876,-5.735151100911305,-5.6823624243534745,-5.630103798821938,-5.5783332096516745,-5.527011133175594,-5.476100586507403,-5.4255671350352825,-5.375378865405256,-5.325506331198472,-5.275922477806194,-5.226602552245369,-5.17752400288601,-5.128666373315801,-5.080011193871776,-5.031541873738842,-4.983243595957758,-4.9351032172031015,-4.887109173782699,-4.839251394969496,-4.791521224498756,-4.743911350840701,-4.696415746684151,-4.649029617932994,-4.601749362417749,-4.5545725384523355,-4.507497843315717,-4.460525101703368,-4.413655264169628,-4.3668904155635575,-4.320233793443424,-4.27368981643316,-4.22726412245345,-4.1809636167150455,-4.134796529297246,-4.088772482044046,-4.042902564388156,-3.997199417552009,-3.951677326367883,-3.906352317699246,-3.861242264125023,-3.8163669911614475,-3.7717483858371446,-3.727410503903359,-3.6833796723533596,-3.639684583248681,-3.5963563741175557,-3.553428689424002,-3.510937716837043,-3.4689221913040553,-3.4274233593104384,-3.3864848952653688,-3.346152761780723,-3.3064750058089656,-3.267501483284051,-3.2292835061713485,-3.191873407766777,-3.1553240247477112,-3.1196880978739827,-3.0850175973026257,-3.0513629830659665,-3.0187724161268363,-2.9872909402333567,-2.956959659140676,-2.9278149371985784,-2.8998876533793974,-2.873202539163257,-2.8477776290572363,-2.823623848830864,-2.8007447609433864,-2.779136479474995,-2.758787758697032,-2.739680250892984,-2.721788920884474,-2.7050825975898434,-2.6895246373851784,-2.6750736703993905,-2.6616843992911297,-2.649308420449465,-2.6378950396780265,-2.6273920578840326,-2.61774650665573,-2.6089053184251005,-2.6008159207707866,-2.5934267489876093,-2.586687675094068,-2.580550354821445,-2.5749684967657895,-2.5698980597940895,-2.5652973860353656,-2.56112727744537,-2.5573510241145203,-2.5539343923005067,-2.55084557971119,-2.548055144929824,-2.5455359171384857,-2.543262891516639,-2.54121311491513,-2.539365565663703,-2.537701030683462,-2.5362019824567823,-2.5348524578616205,-2.533637940405431,-2.532545246993115,-2.531562420028527,-2.530678625373708,-2.5298840564672567,-2.52916984472623,-2.5285279762179194,-2.527951214482702,-2.527433029311257,-2.5269675312239177,-2.5265494113624767,-2.526173886481739,-2.525836648716454,-2.525533819796347,-2.5252619093857316,-2.525017777232827,-2.5247985988261084,-2.5246018342695757,-2.5244252001049365,-2.524266643825609,-2.5241243208446806,-2.523996573696072,-2.5238819132649026,-2.523779001859163,-2.5236866379501888,-2.5236037424239783,-2.523529346199037,-2.5234625790791743,-2.523402659721509,-2.5233488866108695,-2.523300629941849,-2.5232573243190255,-2.5232184621943365,-2.523183587968316,-2.5231522926889856,-2.5231242092885884,-2.523099008304213,-2.5230763940336316,-2.523056101082484,-2.5230378912632885,-2.523021550810679,-2.523006887880833,-2.5229937303062475,-2.5229819235799225,-2.522971329045622],"yaxis":"y"}],                        {"height":400,"legend":{"title":{},"tracegroupgap":0},"margin":{"t":60},"template":{"data":{"bar":[{"error_x":{"color":"rgb(36,36,36)"},"error_y":{"color":"rgb(36,36,36)"},"marker":{"line":{"color":"white","width":0.5},"pattern":{"fillmode":"overlay","size":10,"solidity":0.2}},"type":"bar"}],"barpolar":[{"marker":{"line":{"color":"white","width":0.5},"pattern":{"fillmode":"overlay","size":10,"solidity":0.2}},"type":"barpolar"}],"carpet":[{"aaxis":{"endlinecolor":"rgb(36,36,36)","gridcolor":"white","linecolor":"white","minorgridcolor":"white","startlinecolor":"rgb(36,36,36)"},"baxis":{"endlinecolor":"rgb(36,36,36)","gridcolor":"white","linecolor":"white","minorgridcolor":"white","startlinecolor":"rgb(36,36,36)"},"type":"carpet"}],"choropleth":[{"colorbar":{"outlinewidth":1,"tickcolor":"rgb(36,36,36)","ticks":"outside"},"type":"choropleth"}],"contour":[{"colorbar":{"outlinewidth":1,"tickcolor":"rgb(36,36,36)","ticks":"outside"},"colorscale":[[0.0,"#440154"],[0.1111111111111111,"#482878"],[0.2222222222222222,"#3e4989"],[0.3333333333333333,"#31688e"],[0.4444444444444444,"#26828e"],[0.5555555555555556,"#1f9e89"],[0.6666666666666666,"#35b779"],[0.7777777777777778,"#6ece58"],[0.8888888888888888,"#b5de2b"],[1.0,"#fde725"]],"type":"contour"}],"contourcarpet":[{"colorbar":{"outlinewidth":1,"tickcolor":"rgb(36,36,36)","ticks":"outside"},"type":"contourcarpet"}],"heatmap":[{"colorbar":{"outlinewidth":1,"tickcolor":"rgb(36,36,36)","ticks":"outside"},"colorscale":[[0.0,"#440154"],[0.1111111111111111,"#482878"],[0.2222222222222222,"#3e4989"],[0.3333333333333333,"#31688e"],[0.4444444444444444,"#26828e"],[0.5555555555555556,"#1f9e89"],[0.6666666666666666,"#35b779"],[0.7777777777777778,"#6ece58"],[0.8888888888888888,"#b5de2b"],[1.0,"#fde725"]],"type":"heatmap"}],"heatmapgl":[{"colorbar":{"outlinewidth":1,"tickcolor":"rgb(36,36,36)","ticks":"outside"},"colorscale":[[0.0,"#440154"],[0.1111111111111111,"#482878"],[0.2222222222222222,"#3e4989"],[0.3333333333333333,"#31688e"],[0.4444444444444444,"#26828e"],[0.5555555555555556,"#1f9e89"],[0.6666666666666666,"#35b779"],[0.7777777777777778,"#6ece58"],[0.8888888888888888,"#b5de2b"],[1.0,"#fde725"]],"type":"heatmapgl"}],"histogram":[{"marker":{"line":{"color":"white","width":0.6}},"type":"histogram"}],"histogram2d":[{"colorbar":{"outlinewidth":1,"tickcolor":"rgb(36,36,36)","ticks":"outside"},"colorscale":[[0.0,"#440154"],[0.1111111111111111,"#482878"],[0.2222222222222222,"#3e4989"],[0.3333333333333333,"#31688e"],[0.4444444444444444,"#26828e"],[0.5555555555555556,"#1f9e89"],[0.6666666666666666,"#35b779"],[0.7777777777777778,"#6ece58"],[0.8888888888888888,"#b5de2b"],[1.0,"#fde725"]],"type":"histogram2d"}],"histogram2dcontour":[{"colorbar":{"outlinewidth":1,"tickcolor":"rgb(36,36,36)","ticks":"outside"},"colorscale":[[0.0,"#440154"],[0.1111111111111111,"#482878"],[0.2222222222222222,"#3e4989"],[0.3333333333333333,"#31688e"],[0.4444444444444444,"#26828e"],[0.5555555555555556,"#1f9e89"],[0.6666666666666666,"#35b779"],[0.7777777777777778,"#6ece58"],[0.8888888888888888,"#b5de2b"],[1.0,"#fde725"]],"type":"histogram2dcontour"}],"mesh3d":[{"colorbar":{"outlinewidth":1,"tickcolor":"rgb(36,36,36)","ticks":"outside"},"type":"mesh3d"}],"parcoords":[{"line":{"colorbar":{"outlinewidth":1,"tickcolor":"rgb(36,36,36)","ticks":"outside"}},"type":"parcoords"}],"pie":[{"automargin":true,"type":"pie"}],"scatter":[{"marker":{"colorbar":{"outlinewidth":1,"tickcolor":"rgb(36,36,36)","ticks":"outside"}},"type":"scatter"}],"scatter3d":[{"line":{"colorbar":{"outlinewidth":1,"tickcolor":"rgb(36,36,36)","ticks":"outside"}},"marker":{"colorbar":{"outlinewidth":1,"tickcolor":"rgb(36,36,36)","ticks":"outside"}},"type":"scatter3d"}],"scattercarpet":[{"marker":{"colorbar":{"outlinewidth":1,"tickcolor":"rgb(36,36,36)","ticks":"outside"}},"type":"scattercarpet"}],"scattergeo":[{"marker":{"colorbar":{"outlinewidth":1,"tickcolor":"rgb(36,36,36)","ticks":"outside"}},"type":"scattergeo"}],"scattergl":[{"marker":{"colorbar":{"outlinewidth":1,"tickcolor":"rgb(36,36
[...]
  ?                                           ^^^^^^^^ ^^^^  ^^^ ^^^^ ^^^^^ ^^^^^^^                                                                                                                                                                                                                                                                                                 ^^^^^^^^ ^^^^  ^^^ ^^^^ ^^^^^ ^^^^^^                                                                 ^^^^^^^^ ^^^^  ^^^ ^^^^ ^^^^^ ^^^^^^^^                                                     ---                        ---                               ---                            ---                            ---                            ---                            ---                           ---                           ---                           ---                           ---                            ---                           ---                        ---                               ---                            ---                            ---                         ---                               ---                            ---                            ---                            ---                            ---                            ---                            ---                            ---                            ---                            ---                            ---                            ---                            ---                            ---                                                                                           --------------------
  + <div>                            <div id="30219a57-2f83-4634-9a84-6922ece7fa22" class="plotly-graph-div" style="height:366px; width:488px;"></div>            <script type="text/javascript">                require(["plotly"], function(Plotly) {                    window.PLOTLYENV=window.PLOTLYENV || {};                                    if (document.getElementById("30219a57-2f83-4634-9a84-6922ece7fa22")) {                    Plotly.newPlot(                        "30219a57-2f83-4634-9a84-6922ece7fa22",                        [{"customdata":[["DN13CB11","Temperature"],["DN13CB14","Temperature"],["DNCB15-07","Temperature"],["DNCB15-08","Temperature"],["DNCB15-09","Temperature"],["DNCB15-9b","Temperature"],["DNCB15-10","Temperature"],["DN13CB04","Temperature"],["DN13CB05","Temperature"],["DN13CB06","Temperature"],["DN13CB07","Temperature"],["DN13CB08b","Temperature"],["DN13CB09","Temperature"],["DN13CB13","Temperature"],["DNCB15-12","Temperature"],["DNCB15-13","Temperature"],["DNCB15-11","Temperature"],["DN17CB-01","Temperature"],["DNCB17-02","Temperature"],["DNCB17-06","Temperature"],["DNCB17-7a","Temperature"],["DNCB17-7b","Temperature"],["DNCB17-09","Temperature"],["DNCB17-13","Temperature"],["DNCB17-21","Temperature"],["DNCB17-24","Temperature"],["DNCB17-25","Temperature"],["DNCB17-30","Temperature"],["DNCB17-32","Temperature"],["DNCB17-36","Temperature"],["DNCB17-37","Temperature"],["DNCB17-38","Temperature"]],"hovertemplate":"%{customdata[0]}<br>pH: %{x} <br>Temperature [\u00b0C]: %{y}","legendgroup":"Temperature","marker":{"color":"#000000","opacity":0.7,"size":10,"symbol":"circle"},"mode":"markers","name":"Temperature","orientation":"v","showlegend":true,"type":"scatter","x":[6.22,6.26,6.39,6.4,6.64,6.4,6.84,6.32,6.56,6.49,5.03,6.22,5.89,6.01,5.95,6.81,8.87,6.5,6.62,7.02,6.12,6.04,6.18,6.31,7.47,7.98,5.96,6.24,5.71,6.68,6.4,6.48],"xaxis":"x","y":[73.3,78.3,72.6,69.9,69.9,78.0,88.9,17.6,20.4,47.8,38.4,47.6,46.4,39.6,19.2,16.9,36.6,48.8,50.5,36.5,56.8,63.8,61.5,40.6,41.0,28.0,70.7,45.3,64.7,42.2,44.6,51.5],"yaxis":"y"}],                        {"height":366,"legend":{"title":{},"tracegroupgap":0},"margin":{"t":40},"showlegend":false,"template":{"data":{"bar":[{"error_x":{"color":"rgb(36,36,36)"},"error_y":{"color":"rgb(36,36,36)"},"marker":{"line":{"color":"white","width":0.5},"pattern":{"fillmode":"overlay","size":10,"solidity":0.2}},"type":"bar"}],"barpolar":[{"marker":{"line":{"color":"white","width":0.5},"pattern":{"fillmode":"overlay","size":10,"solidity":0.2}},"type":"barpolar"}],"carpet":[{"aaxis":{"endlinecolor":"rgb(36,36,36)","gridcolor":"white","linecolor":"white","minorgridcolor":"white","startlinecolor":"rgb(36,36,36)"},"baxis":{"endlinecolor":"rgb(36,36,36)","gridcolor":"white","linecolor":"white","minorgridcolor":"white","startlinecolor":"rgb(36,36,36)"},"type":"carpet"}],"choropleth":[{"colorbar":{"outlinewidth":1,"tickcolor":"rgb(36,36,36)","ticks":"outside"},"type":"choropleth"}],"contour":[{"colorbar":{"outlinewidth":1,"tickcolor":"rgb(36,36,36)","ticks":"outside"},"colorscale":[[0.0,"#440154"],[0.1111111111111111,"#482878"],[0.2222222222222222,"#3e4989"],[0.3333333333333333,"#31688e"],[0.4444444444444444,"#26828e"],[0.5555555555555556,"#1f9e89"],[0.6666666666666666,"#35b779"],[0.7777777777777778,"#6ece58"],[0.8888888888888888,"#b5de2b"],[1.0,"#fde725"]],"type":"contour"}],"contourcarpet":[{"colorbar":{"outlinewidth":1,"tickcolor":"rgb(36,36,36)","ticks":"outside"},"type":"contourcarpet"}],"heatmap":[{"colorbar":{"outlinewidth":1,"tickcolor":"rgb(36,36,36)","ticks":"outside"},"colorscale":[[0.0,"#440154"],[0.1111111111111111,"#482878"],[0.2222222222222222,"#3e4989"],[0.3333333333333333,"#31688e"],[0.4444444444444444,"#26828e"],[0.5555555555555556,"#1f9e89"],[0.6666666666666666,"#35b779"],[0.7777777777777778,"#6ece58"],[0.8888888888888888,"#b5de2b"],[1.0,"#fde725"]],"type":"heatmap"}],"heatmapgl":[{"colorbar":{"outlinewidth":1,"tickcolor":"rgb(36,36,36)","ticks":"outside"},"colorscale":[[0.0,"#440154"],[0.1111111111111111,"#482878"],[0.2222222222222222,"#3e4989"],[0.3333333333333333,"#31688e"],[0.4444444444444444,"#26828e"],[0.5555555555555556,"#1f9e89"],[0.6666666666666666,"#35b779"],[0.7777777777777778,"#6ece58"],[0.8888888888888888,"#b5de2b"],[1.0,"#fde725"]],"type":"heatmapgl"}],"histogram":[{"marker":{"line":{"color":"white","width":0.6}},"type":"histogram"}],"histogram2d":[{"colorbar":{"outlinewidth":1,"tickcolor":"rgb(36,36,36)","ticks":"outside"},"colorscale":[[0.0,"#440154"],[0.1111111111111111,"#482878"],[0.2222222222222222,"#3e4989"],[0.3333333333333333,"#31688e"],[0.4444444444444444,"#26828e"],[0.5555555555555556,"#1f9e89"],[0.6666666666666666,"#35b779"],[0.7777777777777778,"#6ece58"],[0.8888888888888888,"#b5de2b"],[1.0,"#fde725"]],"type":"histogram2d"}],"histogram2dcontour":[{"colorbar":{"outlinewidth":1,"tickcolor":"rgb(36,36,36)","ticks":"outside"},"colorscale":[[0.0,"#440154"],[0.1111111111111111,"#482878"],[0.2222222222222222,"#3e4989"],[0.3333333333333333,"#31688e"],[0.4444444444444444,"#26828e"],[0.5555555555555556,"#1f9e89"],[0.6666666666666666,"#35b779"],[0.7777777777777778,"#6ece58"],[0.8888888888888888,"#b5de2b"],[1.0,"#fde725"]],"type":"histogram2dcontour"}],"mesh3d":[{"colorbar":{"outlinewidth":1,"tickcolor":"rgb(36,36,36)","ticks":"outside"},"type":"mesh3d"}],"parcoords":[{"line":{"colorbar":{"outlinewidth":1,"tickcolor":"rgb(36,36,36)","ticks":"outside"}},"type":"parcoords"}],"pie":[{"automargin":true,"type":"pie"}],"scatter":[{"marker":{"colorbar":{"outlinewidth":1,"tickcolor":"rgb(36,36,36)","ticks":"outside"}},"type":"scatter"}],"scatter3d":[{"line":{"colorbar":{"outlinewidth":1,"tickcolor":"rgb(36,36,36)","ticks":"outside"}},"marker":{"colorbar":{"outlinewidth":1,"tickcolor":"rgb(36,36,36)","ticks":"outside"}},"type":"scatter3d"}],"scattercarpet":[{"marker":{"colorbar":{"outlinewidth":1,"tickcolor":"rgb(36,36,36)","ticks":"outside"}},"type":"scattercarpet"}],"scattergeo":[{"marker":{"colorbar":{"outlinewidth":1,"tickcolor":"rgb(36,36,36)","ticks":"outside"}},"type":"scattergeo"}],"scattergl":[{"marker":{"colorbar":{"outlinewidth":1,"tickcolor":"rgb(36,36,36)","ticks":"outside"}},"type":"scattergl"}],"scattermapbox":[{"marker":{"colorbar":{"outlinewidth":1,"tickcolor":"rgb(36,36,36)","ticks":"outside"}},"type":"scattermapbox"}],"scatterpolar":[{"marker":{"colorbar":{"outlinewidth":1,"tickcolor":"rgb(36,36,36)","ticks":"outside"}},"type":"scatterpolar"}],"scatterpolargl":[{"marker":{"colorbar":{"outlinewidth":1,"tickcolor":"rgb(36,36,36)","ticks":"outside"}},"type":"scatterpolargl"}],"scatterternary":[{"marker":{"colorbar":{"outlinewidth":1,"tickcolor":"rgb(36,36,36)","ticks":"outside"}},"type":"scatterternary"}],"surface":[{"colorbar":{"outlinewidth":1,"tickcolor":"rgb(36,36,36)","ticks":"outside"},"colorscale":[[0.0,"#440154"],[0.1111111111111111,"#482878"],[0.2222222222222222,"#3e4989"],[0.3333333333333333,"#31688e"],[0.4444444444444444,"#26828e"],[0.5555555555555556,"#1f9e89"],[0.6666666666666666,"#35b779"],[0.7777777777777778,"#6ece58"],[0.8888888888888888,"#b5de2b"],[1.0,"#fde725"]],"type":"surface"}],"table":[{"cells":{"fill":{"color":"rgb(237,237,237)"},"line":{"color":"white"}},"header":{"fill":{"color":"rgb(217,217,217)"},"line":{"color":"white"}},"type":"table"}]},"layout":{"annotationdefaults":{"arrowhead":0,"arrowwidth":1},"autotypenumbers":"strict","coloraxis":{"colorbar":{"outlinewidth":1,"tickcolor":"rgb(36,36,36)","ticks":"outside"}},"colorscale":{"diverging":[[0.0,"rgb(103,0,31)"],[0.1,"rgb(178,24,43)"],[0.2,"rgb(214,96,77)"],[0.3,"rgb(244,165,130)"],[0.4,"rgb(253,219,199)"],[0.5,"rgb(247,247,247)"],[0.6,"rgb(209,229,240)"],[0.7,"rgb(146,197,222)"],[0.8,"rgb(67,147,195)"],[0.9,"rgb(33,102,172)"],[1.0,"rgb(5,48,97)"]],"sequential":[[0.0,"#440154"],[0.1111111111111111,"#482878"],[0.2222222222222222,"#3e4989"],[0.3333333333333333,"#31688e"],[0.4444444444444444,"#26828e"],[0.5555555555555556,"#1f9e89"],[0.6666666666666666,"#35b779"],[0.7777777777777778,"#6ece58"],[0.8888888888888888,"#b5de2b"],[1.0,"#fde725"]],"sequentialminus":[[0.0,"#440154"],[0.1111111111111111,"#482878"],[0.2222222222222222,"#3e4989"],[0.3333333333333333,"#31688e"],[0.4444444444444444,"#26828e"],[0.5555555555555556,"#1f9e89"],[0.6666666666666666,"#35b779"],[0.7777777777777778,"#6ece58"],[0.8888888888888888,"#b5de2b"],[1.0,"#fde725"]]},"colorway":["#1F77B4","#FF7F0E","#2CA02C","#D62728","#9467BD","#8C564B","#E377C2","#7F7F7F","#BCBD22","#17BECF"],"font":{"color":"rgb(36,36,36)"},"geo":{"bgcolor":"white","lakecolor":"white","landcolor":"white","showlakes":true,"showland":true,"subunitcolor":"white"},"hoverlabel":{"align":"left"},"hovermode":"closest","mapbox":{"style":"light"},"paper_bgcolor":"white","plot_bgcolor":"white","polar":{"angularaxis":{"gridcolor":"rgb(232,232,232)","linecolor":"rgb(36,36,36)","showgrid":false,"showline":true,"ticks":"outside"},"bgcolor":"white","radialaxis":{"gridcolor":"rgb(232,232,232)","linecolor":"rgb(36,36,36)","showgrid":false,"showline":true,"ticks":"outside"}},"scene":{"xaxis":{"backgroundcolor":"white","gridcolor":"rgb(232,232,232)","gridwidth":2,"linecolor":"rgb(36,36,36)","showbackground":true,"showgrid":false,"showline":true,"ticks":"outside","zeroline":false,"zerolinecolor":"rgb(36,36,36)"},"yaxis":{"backgroundcolor":"white","gridcolor":"rgb(232,232,232)","gridwidth":2,"linecolor":"rgb(36,36,36)","showbackground":true,"showgrid":false,"showline":true,"ticks":"outside","zeroline":false,"zerolinecolor":"rgb(36,36,36)"},"zaxis":{"backgroundcolor":"white","gridcolor":"rgb(232,232,232)","gridwidth":2,"linecolor":"rgb(36,36,36)","showbackground":true,"showgrid":false,"showline":true,"ticks":"outside","zeroline":false,"zerolinecolor":"rgb(36,36,36)"}},"shapedefaults":{"fillcolor":"black","line":{"width":0},"opacity":0.3},"ternary":{"aaxis":{"gridcolor":"rgb(232,232,232)","linecolor":"rgb(36,36,36)","showgrid":false,"showline":true,"ticks":"outside"},"baxis":{"gridcolor":"rgb(232,232,232)","linecolor":"rgb(36,36,36)","showgrid":false,"showline":true,"ticks":"outside"},"bgcolor":"white","caxis":{"gridcolor":"rgb(232,232,232)","linecolor":"rgb(36,36,36)","showgrid":false,"showline":true,"ticks":"outside"}},"title":{"x":0.05},"xaxis":{"automargin":true,"gridcolor":"rgb(232,232,232)","linecolor":"rgb(36,36,36)","showgrid":false,"showline":true,"ticks":"outside","title":{"standoff":15},"zeroline":false,"zerolinecolor":"rgb(36,36,36)"},"yaxis":{"automargin":true,"gridcolor":"rgb(232,232,232)","linecolor":"rgb(36,36,36)","showgrid":false,"showline":true,"ticks":"outside","title":{"standoff":15},"zeroline":false,"zerolinecolor":"rgb(36,36,36)"}}},"title":{"x":0.5,"xanchor":"center"},"width":488,"xaxis":{"anchor":"y","domain":[0.0,1.0],"title":{"text":"pH"}},"yaxis":{"anchor":"x","domain":[0.0,1.0],"exponentformat":"power","title":{"text":"Temperature [\u00b0C]"}}},                        {"displaylogo": false, "scrollZoom": true, "modeBarButtonsToRemove": ["select2d", "lasso2d", "toggleSpikelines", "resetScale2d"], "toImageButtonOptions": {"format": "png", "filename": null, "height": 366, "width": 488, "scale": 1}, "responsive": true}                    ).then(function(){
  ?                                           ^^^^^^^^ ^^^^  ^^^ ^^^^ ^ ^^^^^^^^^^^                                                                                                                                                                                                                                                                                                 ^^^^^^^^ ^^^^  ^^^ ^^^^ ^ ^^^^^^^^^^                                                                 ^^^^^^^^ ^^^^  ^^^ ^^^^ ^ ^^^^^^^^^^^^
                                
  - var gd = document.getElementById('d1156103-3574-4470-81a1-8e7bd9395528');
  + var gd = document.getElementById('30219a57-2f83-4634-9a84-6922ece7fa22');
    var x = new MutationObserver(function (mutations, observer) {{
            var display = window.getComputedStyle(gd).display;
            if (!display || display === 'none') {{
                console.log([gd, 'removed!']);
                Plotly.purge(gd);
                observer.disconnect();
            }}
    }});
    
    // Listen for the removal of the full notebook cells
    var notebookContainer = gd.closest('#notebook-container');
    if (notebookContainer) {{
        x.observe(notebookContainer, {childList: true});
    }}
    
    // Listen for the clearing of the current output cell
    var outputEl = gd.closest('.output');
    if (outputEl) {{
        x.observe(outputEl, {childList: true});
    }}
    
                            })                };                });            </script>        </div>
[0m

______________________________________________________ WORKSHOP/Breakout.ipynb::Cell 7 ______________________________________________________
[91mNotebook cell execution failed[0m
[94mCell 7: Cell outputs differ

Input:
[0mspeciation.plot_mass_contribution('HCO3-', sort_by='pH', width=1)

[94mTraceback:[0m
[94m mismatch 'application/vnd.plotly.v1+json'[91m

 assert reference_output == test_output failed:

  {'config': {'...': 'linear'}}} == {'config': {'...: 'mole %'}}}}
  Omitting 2 identical items, use -vv to show
  Differing items:
  {'layout': {'bargap': 0, 'barmode': 'relative', 'height': 366, 'legend': {'title': {}, 'tracegroupgap': 0}, 'margin': ...domain': [0, 1], 'fixedrange': True, 'range': [0, 105.26663157894737], 'title': {'text': 'mole %'}, 'type': 'linear'}}} != {'layout': {'bargap': 0, 'barmode': 'relative', 'height': 366, 'legend': {'title': {}, 'tracegroupgap': 0}, 'margin': ...': -45, 'title': {}}, 'yaxis': {'anchor': 'x', 'domain': [0.0, 1.0], 'fixedrange': True, 'title': {'text': 'mole %'}}}}
  Use -v to get the full diff
[0m

______________________________________________________ WORKSHOP/Breakout.ipynb::Cell 8 ______________________________________________________
[91mNotebook cell execution failed[0m
[94mCell 8: Cell outputs differ

Input:
[0mspeciation.plot_mineral_saturation('DNCB17-21', plot_width=6) # sample name

[94mTraceback:[0m
[94m mismatch 'application/vnd.plotly.v1+json'[91m

 assert reference_output == test_output failed:

  {'config': {'...': 'linear'}}} == {'config': {'... kcal/mol'}}}}
  Omitting 2 identical items, use -vv to show
  Differing items:
  {'layout': {'barmode': 'relative', 'height': 366, 'legend': {'tracegroupgap': 0}, 'margin': {'t': 40}, 'template': {'d...: True, 'range': [-11.369977222222222, 16.58236722222222], 'title': {'text': 'affinity, kcal/mol'}, 'type': 'linear'}}} != {'layout': {'barmode': 'relative', 'height': 366, 'legend': {'tracegroupgap': 0}, 'margin': {'t': 40}, 'template': {'d...': 'x', 'domain': [0.0, 1.0], 'exponentformat': 'power', 'fixedrange': True, 'title': {'text': 'affinity, kcal/mol'}}}}
  Use -v to get the full diff
[0m

______________________________________________________ WORKSHOP/Breakout.ipynb::Cell 9 ______________________________________________________
[91mNotebook cell execution failed[0m
[94mCell 9: Cell outputs differ

Input:
[0mspeciation.scatterplot('pH', ['CO3-2', 'HCO3-', 'CO2', 'Ca(HCO3)+'])

[94mTraceback:[0m
[94m mismatch 'application/vnd.plotly.v1+json'[91m

 assert reference_output == test_output failed:

  {'config': {'...': 'linear'}}} == {'config': {'... activity'}}}}
  Omitting 1 identical items, use -vv to show
  Differing items:
  {'layout': {'height': 366, 'legend': {'title': {}, 'tracegroupgap': 0}, 'margin': {'t': 40}, 'template': {'data': {'ba...at': 'power', 'range': [-9.499743633317378, -1.038356366682623], 'title': {'text': 'log activity'}, 'type': 'linear'}}} != {'layout': {'height': 366, 'legend': {'title': {}, 'tracegroupgap': 0}, 'margin': {'t': 40}, 'template': {'data': {'ba... 'pH'}}, 'yaxis': {'anchor': 'x', 'domain': [0.0, 1.0], 'exponentformat': 'power', 'title': {'text': 'log activity'}}}}
  {'data': [{'customdata': [['DN13CB11', 'CO<sub>3</sub><sup>-2</sup>'], ['DN13CB14', 'CO<sub>3</sub><sup>-2</sup>'], ['...415, -6.1596, -5.8073, -3.8278, -3.7207, -5.2762, -4.2996, -3.9745, -4.9753, -5.0062, -4.7084, -4.377], 'yaxis': 'y'}]} != {'data': [{'customdata': [['DN13CB11', '', 'CO<sub>3</sub><sup>-2</sup>'], ['DN13CB14', '', 'CO<sub>3</sub><sup>-2</su...415, -6.1596, -5.8073, -3.8278, -3.7207, -5.2762, -4.2996, -3.9745, -4.9753, -5.0062, -4.7084, -4.377], 'yaxis': 'y'}]}
  Use -v to get the full diff
[0m

_____________________________________________________ WORKSHOP/Breakout.ipynb::Cell 10 ______________________________________________________
[91mNotebook cell execution failed[0m
[94mCell 10: Cell outputs differ

Input:
[0mspeciation.barplot(['Na+', 'Cl-'], plot_width=6)

[94mTraceback:[0m
[94m mismatch 'application/vnd.plotly.v1+json'[91m

 assert reference_output == test_output failed:

  {'config': {'...': 'linear'}}} == {'config': {'...'activity'}}}}
  Omitting 2 identical items, use -vv to show
  Differing items:
  {'layout': {'barmode': 'group', 'height': 366, 'legend': {'title': {}, 'tracegroupgap': 0}, 'margin': {'t': 40}, 'temp...at': 'power', 'fixedrange': True, 'range': [0, 0.15490890879639024], 'title': {'text': 'activity'}, 'type': 'linear'}}} != {'layout': {'barmode': 'group', 'height': 366, 'legend': {'title': {}, 'tracegroupgap': 0}, 'margin': {'t': 40}, 'temp...: {'anchor': 'x', 'domain': [0.0, 1.0], 'exponentformat': 'power', 'fixedrange': True, 'title': {'text': 'activity'}}}}
  Use -v to get the full diff
[0m

========================================================== short test summary info ==========================================================
FAILED WORKSHOP/Breakout.ipynb::Cell 6
FAILED WORKSHOP/Breakout.ipynb::Cell 7
FAILED WORKSHOP/Breakout.ipynb::Cell 8
FAILED WORKSHOP/Breakout.ipynb::Cell 9
FAILED WORKSHOP/Breakout.ipynb::Cell 10
======================================================= 5 failed, 6 passed in 16.87s ========================================================
