====================================================== test session starts =======================================================
platform linux -- Python 3.8.0, pytest-6.2.5, py-1.10.0, pluggy-1.0.0
rootdir: /var/lib/private/gmboyer/WORM-Library-dev/worm-library
plugins: nbval-0.9.6, cov-3.0.0
collected 1 item

1-Introduction/1-Introduction.ipynb .                                                                                      [100%]

======================================================= 1 passed in 0.84s ========================================================
====================================================== test session starts =======================================================
platform linux -- Python 3.8.0, pytest-6.2.5, py-1.10.0, pluggy-1.0.0
rootdir: /var/lib/private/gmboyer/WORM-Library-dev/worm-library
plugins: nbval-0.9.6, cov-3.0.0
collected 16 items

1-Introduction/2-Notebook-Intro.ipynb ..............F.                                                                     [100%]

============================================================ FAILURES ============================================================
_________________________________________ 1-Introduction/2-Notebook-Intro.ipynb::Cell 14 _________________________________________
[91mNotebook cell execution failed[0m
[94mCell 14: Cell outputs differ

Input:
[0mbasis(["H2O", "H2S", "e-", "H+"])
species(["H2S", "HS-", "HSO4-", "SO4-2"])
a = affinity(pH=[0, 12], Eh=[-1, 0.5], T=250, P=2000)
_ = diagram(a, messages=False, width=500, height=400, interactive=True)

[94mTraceback:[0m
[94m mismatch 'application/vnd.plotly.v1+json'[91m

 assert reference_output == test_output failed:

  {'config': {'...': 'linear'}}} == {'config': {'...Eh, volts'}}}}
  Omitting 1 identical items, use -vv to show
  Differing items:
  {'layout': {'annotations': [{'bgcolor': 'rgba(255, 255, 255, 0.5)', 'showarrow': False, 'text': 'H<sub>2</sub>S', 'x':...omain': [0, 1], 'range': [-1.0029411764705882, 0.5029411764705882], 'title': {'text': 'Eh, volts'}, 'type': 'linear'}}} != {'layout': {'annotations': [{'bgcolor': 'rgba(255, 255, 255, 0.5)', 'showarrow': False, 'text': 'H<sub>2</sub>S', 'x':...': {'text': 'pH'}}, 'yaxis': {'anchor': 'x', 'autorange': True, 'domain': [0.0, 1.0], 'title': {'text': 'Eh, volts'}}}}
  {'config': {'displaylogo': False, 'modeBarButtonsToRemove': ['zoom2d', 'pan2d', 'zoomIn2d', 'zoomOut2d', 'autoScale2d'...Scale2d', 'toggleSpikelines', 'hoverClosestCartesian', 'hoverCompareCartesian'], 'plotlyServerURL': 'https://plot.ly'}} != {'config': {'displaylogo': False, 'modeBarButtonsToRemove': ['zoom2d', 'pan2d', 'zoomIn2d', 'zoomOut2d', 'autoScale2d'...ttps://plot.ly', 'toImageButtonOptions': {'filename': None, 'format': 'png', 'height': 400, 'scale': 1, 'width': 500}}}
  Use -v to get the full diff
[0m

==================================================== short test summary info =====================================================
FAILED 1-Introduction/2-Notebook-Intro.ipynb::Cell 14
================================================== 1 failed, 15 passed in 5.58s ==================================================
====================================================== test session starts =======================================================
platform linux -- Python 3.8.0, pytest-6.2.5, py-1.10.0, pluggy-1.0.0
rootdir: /var/lib/private/gmboyer/WORM-Library-dev/worm-library
plugins: nbval-0.9.6, cov-3.0.0
collected 2 items

1-Introduction/Exploration-In-Geochemistry-(video).ipynb F.                                                                [100%]

============================================================ FAILURES ============================================================
________________________________ 1-Introduction/Exploration-In-Geochemistry-(video).ipynb::Cell 0 ________________________________
[91mNotebook cell execution failed[0m
[94mCell 0: Cell outputs differ

Input:
[0mfrom IPython.lib.display import YouTubeVideo
YouTubeVideo('yDGFVTybljQ', width=560, height=315)

[94mTraceback:[0m
[94m mismatch 'text/plain'[91m

 assert reference_output == test_output failed:

  '<IPython.lib...7f828efa5198>' == '<IPython.lib...7f691035b8b0>'
  - <IPython.lib.display.YouTubeVideo at 0x7f691035b8b0>
  ?                                          ^ ----- --
  + <IPython.lib.display.YouTubeVideo at 0x7f828efa5198>
  ?                                          ^^^^^^^^
[0m

==================================================== short test summary info =====================================================
FAILED 1-Introduction/Exploration-In-Geochemistry-(video).ipynb::Cell 0
================================================== 1 failed, 1 passed in 1.04s ===================================================
====================================================== test session starts =======================================================
platform linux -- Python 3.8.0, pytest-6.2.5, py-1.10.0, pluggy-1.0.0
rootdir: /var/lib/private/gmboyer/WORM-Library-dev/worm-library
plugins: nbval-0.9.6, cov-3.0.0
collected 18 items

2-Reaction-Properties/1-Reaction-Properties.ipynb ......F.....F.F..F                                                       [100%]

============================================================ FAILURES ============================================================
___________________________________ 2-Reaction-Properties/1-Reaction-Properties.ipynb::Cell 6 ____________________________________
[91mNotebook cell execution failed[0m
[94mCell 6: Cell outputs differ

Input:
[0minfo(info("pyrite"))

[94mTraceback:[0m
[94m mismatch 'text/html'[91m

 assert reference_output == test_output failed:

  '<div>\n<styl...s</p>\n</div>' == '<div>\n<styl...s</p>\n</div>'
  Skipping 892 identical leading characters in diff, use -v to show
  -      <td>None</td>
  ?           ---
  +      <td>N</td>
          <td>1978-05-05</td>
          <td>cal</td>
          <td>-38293.0</td>
          <td>-41000.0</td>
          <td>...</td>
          <td>14.842483</td>
          <td>23.94</td>
          <td>17.88</td>
          <td>0.00132</td>
          <td>-305000.0</td>
          <td>0.0</td>
          <td>0.0</td>
          <td>0.0</td>
          <td>0.0</td>
          <td>1000.0</td>
        </tr>
      </tbody>
    </table>
    <p>1 rows × 21 columns</p>
    </div>
[0m

___________________________________ 2-Reaction-Properties/1-Reaction-Properties.ipynb::Cell 12 ___________________________________
[91mNotebook cell execution failed[0m
[94mCell 12: Cell outputs differ

Input:
[0minfo(info(["K-feldspar", "kaolinite", "muscovite"]))

[94mTraceback:[0m
[94m mismatch 'text/html'[91m

 assert reference_output == test_output failed:

  '<div>\n<styl...s</p>\n</div>' == '<div>\n<styl...s</p>\n</div>'
  Skipping 1361 identical leading characters in diff, use -v to show
  -      <td>None</td>
  ?           ^^^
  +      <td>NA</td>
  ?           ^
          <td>2017-10-01</td>
          <td>cal</td>
          <td>NaN</td>
          <td>NaN</td>
          <td>...</td>
          <td>NaN</td>
          <td>NaN</td>
          <td>NaN</td>
          <td>NaN</td>
          <td>NaN</td>
          <td>NaN</td>
          <td>NaN</td>
          <td>NaN</td>
          <td>NaN</td>
          <td>NaN</td>
        </tr>
        <tr>
          <th>2578</th>
          <td>muscovite</td>
          <td>Ms</td>
          <td>KAl3Si3O12H2</td>
          <td>cr</td>
          <td>Ber88</td>
          <td>SHD91</td>
          <td>2017-10-03</td>
          <td>cal</td>
          <td>NaN</td>
          <td>NaN</td>
          <td>...</td>
          <td>NaN</td>
          <td>NaN</td>
          <td>NaN</td>
          <td>NaN</td>
          <td>NaN</td>
          <td>NaN</td>
          <td>NaN</td>
          <td>NaN</td>
          <td>NaN</td>
          <td>NaN</td>
        </tr>
      </tbody>
    </table>
    <p>3 rows × 21 columns</p>
    </div>
[0m

___________________________________ 2-Reaction-Properties/1-Reaction-Properties.ipynb::Cell 14 ___________________________________
[91mNotebook cell execution failed[0m
[94mCell 14: Cell outputs differ

Input:
[0minfo(info(["K-feldspar", "kaolinite", "muscovite"]))

[94mTraceback:[0m
[94m mismatch 'text/html'[91m

 assert reference_output == test_output failed:

  '<div>\n<styl...s</p>\n</div>' == '<div>\n<styl...s</p>\n</div>'
  Skipping 904 identical leading characters in diff, use -v to show
  -      <td>None</td>
  ?           ---
  +      <td>N</td>
          <td>1978-05-05</td>
          <td>cal</td>
          <td>-895374.0</td>
          <td>-949188.0</td>
          <td>...</td>
          <td>44.215918</td>
          <td>108.87</td>
          <td>76.617</td>
          <td>0.004311</td>
          <td>-2994500.0</td>
          <td>0.0</td>
          <td>0.0</td>
          <td>0.0</td>
          <td>0.0</td>
          <td>1400.0</td>
        </tr>
        <tr>
          <th>2568</th>
          <td>kaolinite</td>
          <td>Kln</td>
          <td>Al2Si2O5(OH)4</td>
          <td>cr</td>
          <td>HDNB78</td>
  -       <td>None</td>
  ?            ---
  +       <td>N</td>
          <td>1978-05-05</td>
          <td>cal</td>
          <td>-905614.0</td>
          <td>-982221.0</td>
          <td>...</td>
          <td>57.267215</td>
          <td>99.52</td>
          <td>72.770</td>
          <td>0.029200</td>
          <td>-2152000.0</td>
          <td>0.0</td>
          <td>0.0</td>
          <td>0.0</td>
          <td>0.0</td>
          <td>1000.0</td>
        </tr>
        <tr>
          <th>2578</th>
          <td>muscovite</td>
          <td>Ms</td>
          <td>KAl2(AlSi3)O10(OH)2</td>
          <td>cr</td>
          <td>HDNB78</td>
  -       <td>None</td>
  ?            ---
  +       <td>N</td>
          <td>1978-05-05</td>
          <td>cal</td>
          <td>-1336301.0</td>
          <td>-1427408.0</td>
          <td>...</td>
          <td>76.806657</td>
          <td>140.71</td>
          <td>97.560</td>
          <td>0.026380</td>
          <td>-2544000.0</td>
          <td>0.0</td>
          <td>0.0</td>
          <td>0.0</td>
          <td>0.0</td>
          <td>1000.0</td>
        </tr>
      </tbody>
    </table>
    <p>3 rows × 21 columns</p>
    </div>
[0m

___________________________________ 2-Reaction-Properties/1-Reaction-Properties.ipynb::Cell 17 ___________________________________
[91mNotebook cell execution failed[0m
[94mCell 17: Cell outputs differ

Input:
[0mfig = plt.figure()
ax = plt.axes()
x = my_results["out"]["T"]
y = my_results["out"]["logK"]
plt.xlabel("Temperature, °C")
plt.ylabel("logK")
ax.plot(x, y)
plt.show()
print("done!")

[94mTraceback:[0m
[94m mismatch 'text/plain'[91m

 assert reference_output == test_output failed:

  '<Figure size... with 1 Axes>' == '<Figure size... with 1 Axes>'
  - <Figure size 432x288 with 1 Axes>
  ?               ^^ ^ ^
  + <Figure size 640x480 with 1 Axes>
  ?              + ^ ^ ^
[0m

==================================================== short test summary info =====================================================
FAILED 2-Reaction-Properties/1-Reaction-Properties.ipynb::Cell 6
FAILED 2-Reaction-Properties/1-Reaction-Properties.ipynb::Cell 12
FAILED 2-Reaction-Properties/1-Reaction-Properties.ipynb::Cell 14
FAILED 2-Reaction-Properties/1-Reaction-Properties.ipynb::Cell 17
================================================== 4 failed, 14 passed in 3.03s ==================================================
====================================================== test session starts =======================================================
platform linux -- Python 3.8.0, pytest-6.2.5, py-1.10.0, pluggy-1.0.0
rootdir: /var/lib/private/gmboyer/WORM-Library-dev/worm-library
plugins: nbval-0.9.6, cov-3.0.0
collected 13 items

2-Reaction-Properties/2-Activity-Diagrams.ipynb ...